<?xml version="1.0" encoding="UTF-8"?>
<coverage generated="1781189140725" clover="3.2.0">
  <project timestamp="1781189140725" name="All files">
    <metrics statements="193" coveredstatements="162" conditionals="42" coveredconditionals="33" methods="26" coveredmethods="21" elements="261" coveredelements="216" complexity="0" loc="193" ncloc="193" packages="2" files="5" classes="5"/>
    <package name="backend">
      <metrics statements="181" coveredstatements="150" conditionals="42" coveredconditionals="33" methods="26" coveredmethods="21"/>
      <file name="server.js" path="C:\Users\asus\recipehub\backend\server.js">
        <metrics statements="181" coveredstatements="150" conditionals="42" coveredconditionals="33" methods="26" coveredmethods="21"/>
        <line num="2" count="1" type="stmt"/>
        <line num="3" count="1" type="stmt"/>
        <line num="4" count="1" type="stmt"/>
        <line num="7" count="1" type="stmt"/>
        <line num="8" count="1" type="stmt"/>
        <line num="9" count="1" type="stmt"/>
        <line num="12" count="1" type="stmt"/>
        <line num="13" count="1" type="stmt"/>
        <line num="14" count="1" type="stmt"/>
        <line num="15" count="1" type="stmt"/>
        <line num="18" count="1" type="stmt"/>
        <line num="19" count="1" type="stmt"/>
        <line num="20" count="1" type="stmt"/>
        <line num="21" count="1" type="stmt"/>
        <line num="23" count="1" type="stmt"/>
        <line num="25" count="1" type="stmt"/>
        <line num="27" count="0" type="stmt"/>
        <line num="31" count="0" type="stmt"/>
        <line num="39" count="1" type="stmt"/>
        <line num="44" count="1" type="stmt"/>
        <line num="47" count="1" type="stmt"/>
        <line num="48" count="1" type="stmt"/>
        <line num="56" count="1" type="stmt"/>
        <line num="57" count="44" type="stmt"/>
        <line num="58" count="44" type="stmt"/>
        <line num="60" count="1" type="stmt"/>
        <line num="62" count="1" type="stmt"/>
        <line num="69" count="1" type="stmt"/>
        <line num="70" count="15" type="stmt"/>
        <line num="72" count="15" type="cond" truecount="2" falsecount="0"/>
        <line num="73" count="2" type="stmt"/>
        <line num="79" count="13" type="stmt"/>
        <line num="83" count="1" type="stmt"/>
        <line num="119" count="1" type="stmt"/>
        <line num="133" count="1" type="stmt"/>
        <line num="134" count="18" type="stmt"/>
        <line num="135" count="18" type="stmt"/>
        <line num="137" count="18" type="cond" truecount="2" falsecount="0"/>
        <line num="138" count="5" type="stmt"/>
        <line num="143" count="13" type="stmt"/>
        <line num="145" count="13" type="cond" truecount="1" falsecount="1"/>
        <line num="146" count="0" type="stmt"/>
        <line num="151" count="13" type="stmt"/>
        <line num="153" count="13" type="stmt"/>
        <line num="155" count="13" type="stmt"/>
        <line num="157" count="0" type="stmt"/>
        <line num="164" count="1" type="stmt"/>
        <line num="165" count="5" type="stmt"/>
        <line num="166" count="9" type="cond" truecount="4" falsecount="0"/>
        <line num="167" count="1" type="stmt"/>
        <line num="172" count="8" type="stmt"/>
        <line num="178" count="1" type="stmt"/>
        <line num="190" count="1" type="stmt"/>
        <line num="192" count="1" type="stmt"/>
        <line num="193" count="0" type="stmt"/>
        <line num="196" count="1" type="stmt"/>
        <line num="197" count="0" type="stmt"/>
        <line num="202" count="1" type="stmt"/>
        <line num="223" count="1" type="stmt"/>
        <line num="224" count="1" type="stmt"/>
        <line num="226" count="1" type="stmt"/>
        <line num="228" count="1" type="cond" truecount="1" falsecount="1"/>
        <line num="229" count="1" type="stmt"/>
        <line num="234" count="0" type="stmt"/>
        <line num="236" count="0" type="stmt"/>
        <line num="242" count="0" type="stmt"/>
        <line num="244" count="0" type="stmt"/>
        <line num="254" count="0" type="stmt"/>
        <line num="262" count="1" type="stmt"/>
        <line num="281" count="4" type="stmt"/>
        <line num="282" count="4" type="stmt"/>
        <line num="284" count="4" type="stmt"/>
        <line num="286" count="4" type="cond" truecount="1" falsecount="1"/>
        <line num="287" count="0" type="stmt"/>
        <line num="292" count="4" type="stmt"/>
        <line num="294" count="4" type="cond" truecount="2" falsecount="0"/>
        <line num="295" count="2" type="stmt"/>
        <line num="300" count="2" type="stmt"/>
        <line num="314" count="2" type="stmt"/>
        <line num="326" count="0" type="stmt"/>
        <line num="335" count="1" type="stmt"/>
        <line num="357" count="4" type="stmt"/>
        <line num="358" count="4" type="stmt"/>
        <line num="360" count="4" type="stmt"/>
        <line num="362" count="4" type="cond" truecount="2" falsecount="0"/>
        <line num="363" count="1" type="stmt"/>
        <line num="368" count="3" type="stmt"/>
        <line num="370" count="3" type="stmt"/>
        <line num="376" count="3" type="stmt"/>
        <line num="378" count="3" type="stmt"/>
        <line num="388" count="0" type="stmt"/>
        <line num="396" count="1" type="stmt"/>
        <line num="415" count="1" type="stmt"/>
        <line num="416" count="1" type="stmt"/>
        <line num="418" count="1" type="stmt"/>
        <line num="420" count="1" type="cond" truecount="1" falsecount="1"/>
        <line num="421" count="0" type="stmt"/>
        <line num="426" count="1" type="stmt"/>
        <line num="428" count="1" type="cond" truecount="1" falsecount="1"/>
        <line num="429" count="0" type="stmt"/>
        <line num="434" count="1" type="stmt"/>
        <line num="448" count="1" type="stmt"/>
        <line num="460" count="0" type="stmt"/>
        <line num="469" count="1" type="stmt"/>
        <line num="475" count="1" type="stmt"/>
        <line num="476" count="1" type="stmt"/>
        <line num="478" count="1" type="stmt"/>
        <line num="480" count="0" type="stmt"/>
        <line num="489" count="1" type="stmt"/>
        <line num="490" count="8" type="stmt"/>
        <line num="491" count="8" type="stmt"/>
        <line num="493" count="8" type="stmt"/>
        <line num="495" count="0" type="stmt"/>
        <line num="502" count="1" type="stmt"/>
        <line num="503" count="2" type="stmt"/>
        <line num="504" count="2" type="stmt"/>
        <line num="506" count="1" type="cond" truecount="1" falsecount="1"/>
        <line num="507" count="0" type="stmt"/>
        <line num="512" count="1" type="stmt"/>
        <line num="514" count="1" type="stmt"/>
        <line num="521" count="1" type="stmt"/>
        <line num="530" count="1" type="stmt"/>
        <line num="532" count="1" type="stmt"/>
        <line num="552" count="1" type="stmt"/>
        <line num="554" count="1" type="stmt"/>
        <line num="557" count="0" type="stmt"/>
        <line num="565" count="1" type="stmt"/>
        <line num="573" count="1" type="stmt"/>
        <line num="575" count="1" type="stmt"/>
        <line num="588" count="1" type="cond" truecount="1" falsecount="1"/>
        <line num="589" count="0" type="stmt"/>
        <line num="594" count="1" type="stmt"/>
        <line num="602" count="1" type="stmt"/>
        <line num="605" count="0" type="stmt"/>
        <line num="613" count="1" type="stmt"/>
        <line num="620" count="2" type="stmt"/>
        <line num="621" count="2" type="stmt"/>
        <line num="623" count="2" type="cond" truecount="2" falsecount="0"/>
        <line num="624" count="1" type="stmt"/>
        <line num="629" count="1" type="stmt"/>
        <line num="633" count="0" type="stmt"/>
        <line num="641" count="1" type="stmt"/>
        <line num="642" count="1" type="stmt"/>
        <line num="643" count="1" type="stmt"/>
        <line num="656" count="1" type="stmt"/>
        <line num="658" count="0" type="stmt"/>
        <line num="665" count="1" type="stmt"/>
        <line num="666" count="1" type="stmt"/>
        <line num="667" count="1" type="stmt"/>
        <line num="680" count="1" type="stmt"/>
        <line num="682" count="0" type="stmt"/>
        <line num="690" count="1" type="stmt"/>
        <line num="700" count="3" type="stmt"/>
        <line num="701" count="3" type="stmt"/>
        <line num="703" count="3" type="stmt"/>
        <line num="705" count="3" type="stmt"/>
        <line num="710" count="3" type="cond" truecount="2" falsecount="0"/>
        <line num="711" count="1" type="stmt"/>
        <line num="716" count="2" type="stmt"/>
        <line num="722" count="2" type="stmt"/>
        <line num="724" count="2" type="stmt"/>
        <line num="726" count="0" type="stmt"/>
        <line num="734" count="1" type="stmt"/>
        <line num="740" count="2" type="stmt"/>
        <line num="741" count="2" type="cond" truecount="2" falsecount="0"/>
        <line num="745" count="1" type="stmt"/>
        <line num="750" count="1" type="stmt"/>
        <line num="756" count="1" type="stmt"/>
        <line num="758" count="0" type="stmt"/>
        <line num="766" count="1" type="stmt"/>
        <line num="772" count="2" type="stmt"/>
        <line num="773" count="2" type="stmt"/>
        <line num="775" count="2" type="cond" truecount="2" falsecount="0"/>
        <line num="776" count="1" type="stmt"/>
        <line num="781" count="1" type="stmt"/>
        <line num="785" count="0" type="stmt"/>
        <line num="793" count="1" type="cond" truecount="2" falsecount="0"/>
        <line num="795" count="1" type="cond" truecount="1" falsecount="1"/>
        <line num="796" count="0" type="stmt"/>
        <line num="797" count="0" type="stmt"/>
        <line num="801" count="1" type="stmt"/>
      </file>
    </package>
    <package name="backend.models">
      <metrics statements="12" coveredstatements="12" conditionals="0" coveredconditionals="0" methods="0" coveredmethods="0"/>
      <file name="Admin.js" path="C:\Users\asus\recipehub\backend\models\Admin.js">
        <metrics statements="3" coveredstatements="3" conditionals="0" coveredconditionals="0" methods="0" coveredmethods="0"/>
        <line num="1" count="1" type="stmt"/>
        <line num="3" count="1" type="stmt"/>
        <line num="24" count="1" type="stmt"/>
      </file>
      <file name="Favorite.js" path="C:\Users\asus\recipehub\backend\models\Favorite.js">
        <metrics statements="3" coveredstatements="3" conditionals="0" coveredconditionals="0" methods="0" coveredmethods="0"/>
        <line num="1" count="1" type="stmt"/>
        <line num="3" count="1" type="stmt"/>
        <line num="31" count="1" type="stmt"/>
      </file>
      <file name="Recipe.js" path="C:\Users\asus\recipehub\backend\models\Recipe.js">
        <metrics statements="3" coveredstatements="3" conditionals="0" coveredconditionals="0" methods="0" coveredmethods="0"/>
        <line num="1" count="1" type="stmt"/>
        <line num="3" count="1" type="stmt"/>
        <line num="55" count="1" type="stmt"/>
      </file>
      <file name="User.js" path="C:\Users\asus\recipehub\backend\models\User.js">
        <metrics statements="3" coveredstatements="3" conditionals="0" coveredconditionals="0" methods="0" coveredmethods="0"/>
        <line num="1" count="1" type="stmt"/>
        <line num="3" count="1" type="stmt"/>
        <line num="24" count="1" type="stmt"/>
      </file>
    </package>
  </project>
</coverage>
