<?xml version="1.0" encoding="UTF-8"?>
<coverage generated="1782303424276" clover="3.2.0">
  <project timestamp="1782303424276" name="All files">
    <metrics statements="220" coveredstatements="175" conditionals="46" coveredconditionals="32" methods="27" coveredmethods="21" elements="293" coveredelements="228" complexity="0" loc="220" ncloc="220" packages="3" files="6" classes="6"/>
    <package name="backend">
      <metrics statements="205" coveredstatements="160" conditionals="46" coveredconditionals="32" methods="27" coveredmethods="21"/>
      <file name="server.js" path="C:\Users\asus\recipehub\backend\server.js">
        <metrics statements="205" coveredstatements="160" conditionals="46" coveredconditionals="32" methods="27" coveredmethods="21"/>
        <line num="1" count="1" type="stmt"/>
        <line num="4" count="1" type="stmt"/>
        <line num="5" count="1" type="stmt"/>
        <line num="6" count="1" type="stmt"/>
        <line num="9" count="1" type="stmt"/>
        <line num="10" count="1" type="stmt"/>
        <line num="11" count="1" type="stmt"/>
        <line num="14" count="1" type="stmt"/>
        <line num="15" count="1" type="stmt"/>
        <line num="16" count="1" type="stmt"/>
        <line num="17" count="1" type="stmt"/>
        <line num="20" count="1" type="stmt"/>
        <line num="21" count="1" type="stmt"/>
        <line num="22" count="1" type="stmt"/>
        <line num="23" count="1" type="stmt"/>
        <line num="24" count="1" type="stmt"/>
        <line num="26" count="1" type="stmt"/>
        <line num="30" count="1" type="stmt"/>
        <line num="32" count="1" type="stmt"/>
        <line num="45" count="1" type="stmt"/>
        <line num="50" count="1" type="stmt"/>
        <line num="53" count="1" type="stmt"/>
        <line num="56" count="1" type="stmt"/>
        <line num="57" count="1" type="stmt"/>
        <line num="65" count="1" type="stmt"/>
        <line num="66" count="44" type="stmt"/>
        <line num="67" count="44" type="stmt"/>
        <line num="69" count="1" type="stmt"/>
        <line num="71" count="1" type="stmt"/>
        <line num="78" count="1" type="stmt"/>
        <line num="79" count="15" type="stmt"/>
        <line num="81" count="15" type="cond" truecount="2" falsecount="0"/>
        <line num="82" count="2" type="stmt"/>
        <line num="88" count="13" type="stmt"/>
        <line num="92" count="1" type="stmt"/>
        <line num="128" count="1" type="stmt"/>
        <line num="142" count="1" type="stmt"/>
        <line num="143" count="18" type="stmt"/>
        <line num="144" count="18" type="stmt"/>
        <line num="146" count="18" type="cond" truecount="2" falsecount="0"/>
        <line num="147" count="5" type="stmt"/>
        <line num="152" count="13" type="stmt"/>
        <line num="154" count="13" type="cond" truecount="1" falsecount="1"/>
        <line num="155" count="0" type="stmt"/>
        <line num="160" count="13" type="stmt"/>
        <line num="162" count="13" type="stmt"/>
        <line num="164" count="13" type="stmt"/>
        <line num="166" count="0" type="stmt"/>
        <line num="173" count="1" type="stmt"/>
        <line num="174" count="6" type="stmt"/>
        <line num="175" count="9" type="cond" truecount="4" falsecount="0"/>
        <line num="176" count="1" type="stmt"/>
        <line num="181" count="8" type="stmt"/>
        <line num="187" count="1" type="stmt"/>
        <line num="199" count="1" type="stmt"/>
        <line num="202" count="1" type="stmt"/>
        <line num="203" count="1" type="stmt"/>
        <line num="208" count="0" type="stmt"/>
        <line num="211" count="1" type="stmt"/>
        <line num="212" count="0" type="stmt"/>
        <line num="217" count="1" type="stmt"/>
        <line num="238" count="1" type="stmt"/>
        <line num="245" count="1" type="stmt"/>
        <line num="247" count="1" type="stmt"/>
        <line num="249" count="1" type="cond" truecount="1" falsecount="1"/>
        <line num="250" count="1" type="stmt"/>
        <line num="255" count="0" type="stmt"/>
        <line num="257" count="0" type="stmt"/>
        <line num="263" count="0" type="stmt"/>
        <line num="265" count="0" type="stmt"/>
        <line num="275" count="0" type="stmt"/>
        <line num="283" count="1" type="stmt"/>
        <line num="302" count="4" type="stmt"/>
        <line num="303" count="4" type="stmt"/>
        <line num="305" count="4" type="stmt"/>
        <line num="307" count="4" type="cond" truecount="1" falsecount="1"/>
        <line num="308" count="0" type="stmt"/>
        <line num="313" count="4" type="stmt"/>
        <line num="315" count="4" type="cond" truecount="2" falsecount="0"/>
        <line num="316" count="2" type="stmt"/>
        <line num="321" count="2" type="stmt"/>
        <line num="335" count="2" type="stmt"/>
        <line num="347" count="0" type="stmt"/>
        <line num="358" count="1" type="stmt"/>
        <line num="363" count="0" type="stmt"/>
        <line num="365" count="0" type="stmt"/>
        <line num="369" count="0" type="cond" truecount="0" falsecount="2"/>
        <line num="370" count="0" type="stmt"/>
        <line num="375" count="0" type="stmt"/>
        <line num="378" count="0" type="stmt"/>
        <line num="385" count="1" type="stmt"/>
        <line num="390" count="0" type="stmt"/>
        <line num="393" count="0" type="stmt"/>
        <line num="406" count="0" type="stmt"/>
        <line num="409" count="0" type="stmt"/>
        <line num="417" count="1" type="stmt"/>
        <line num="439" count="4" type="stmt"/>
        <line num="446" count="4" type="stmt"/>
        <line num="448" count="4" type="stmt"/>
        <line num="450" count="4" type="cond" truecount="2" falsecount="0"/>
        <line num="451" count="1" type="stmt"/>
        <line num="456" count="3" type="stmt"/>
        <line num="458" count="3" type="stmt"/>
        <line num="466" count="3" type="stmt"/>
        <line num="468" count="3" type="stmt"/>
        <line num="469" count="3" type="stmt"/>
        <line num="471" count="3" type="stmt"/>
        <line num="481" count="0" type="stmt"/>
        <line num="489" count="1" type="stmt"/>
        <line num="508" count="1" type="stmt"/>
        <line num="509" count="1" type="stmt"/>
        <line num="511" count="1" type="stmt"/>
        <line num="513" count="1" type="cond" truecount="1" falsecount="1"/>
        <line num="514" count="0" type="stmt"/>
        <line num="519" count="1" type="stmt"/>
        <line num="521" count="1" type="cond" truecount="1" falsecount="1"/>
        <line num="522" count="0" type="stmt"/>
        <line num="527" count="1" type="stmt"/>
        <line num="541" count="1" type="stmt"/>
        <line num="555" count="0" type="stmt"/>
        <line num="564" count="1" type="stmt"/>
        <line num="570" count="1" type="stmt"/>
        <line num="571" count="1" type="stmt"/>
        <line num="573" count="1" type="stmt"/>
        <line num="575" count="0" type="stmt"/>
        <line num="583" count="1" type="stmt"/>
        <line num="589" count="0" type="stmt"/>
        <line num="590" count="0" type="stmt"/>
        <line num="594" count="0" type="cond" truecount="0" falsecount="2"/>
        <line num="595" count="0" type="stmt"/>
        <line num="600" count="0" type="stmt"/>
        <line num="604" count="0" type="stmt"/>
        <line num="613" count="1" type="stmt"/>
        <line num="614" count="8" type="stmt"/>
        <line num="615" count="8" type="stmt"/>
        <line num="617" count="8" type="stmt"/>
        <line num="619" count="0" type="stmt"/>
        <line num="626" count="1" type="stmt"/>
        <line num="627" count="2" type="stmt"/>
        <line num="628" count="2" type="stmt"/>
        <line num="630" count="1" type="cond" truecount="1" falsecount="1"/>
        <line num="631" count="0" type="stmt"/>
        <line num="636" count="1" type="stmt"/>
        <line num="638" count="1" type="stmt"/>
        <line num="645" count="1" type="stmt"/>
        <line num="654" count="1" type="stmt"/>
        <line num="656" count="1" type="stmt"/>
        <line num="677" count="1" type="stmt"/>
        <line num="679" count="1" type="stmt"/>
        <line num="682" count="0" type="stmt"/>
        <line num="690" count="1" type="stmt"/>
        <line num="698" count="1" type="stmt"/>
        <line num="700" count="1" type="stmt"/>
        <line num="714" count="1" type="cond" truecount="1" falsecount="1"/>
        <line num="715" count="0" type="stmt"/>
        <line num="720" count="1" type="stmt"/>
        <line num="728" count="1" type="stmt"/>
        <line num="731" count="0" type="stmt"/>
        <line num="739" count="1" type="stmt"/>
        <line num="746" count="2" type="stmt"/>
        <line num="747" count="2" type="stmt"/>
        <line num="749" count="2" type="cond" truecount="2" falsecount="0"/>
        <line num="750" count="1" type="stmt"/>
        <line num="755" count="1" type="stmt"/>
        <line num="759" count="0" type="stmt"/>
        <line num="767" count="1" type="stmt"/>
        <line num="768" count="1" type="stmt"/>
        <line num="769" count="1" type="stmt"/>
        <line num="782" count="1" type="stmt"/>
        <line num="784" count="0" type="stmt"/>
        <line num="791" count="1" type="stmt"/>
        <line num="792" count="1" type="stmt"/>
        <line num="793" count="1" type="stmt"/>
        <line num="806" count="1" type="stmt"/>
        <line num="808" count="0" type="stmt"/>
        <line num="816" count="1" type="stmt"/>
        <line num="826" count="3" type="stmt"/>
        <line num="827" count="3" type="stmt"/>
        <line num="829" count="3" type="stmt"/>
        <line num="831" count="3" type="stmt"/>
        <line num="836" count="3" type="cond" truecount="2" falsecount="0"/>
        <line num="837" count="1" type="stmt"/>
        <line num="842" count="2" type="stmt"/>
        <line num="848" count="2" type="stmt"/>
        <line num="850" count="2" type="stmt"/>
        <line num="852" count="0" type="stmt"/>
        <line num="860" count="1" type="stmt"/>
        <line num="866" count="2" type="stmt"/>
        <line num="867" count="2" type="cond" truecount="2" falsecount="0"/>
        <line num="871" count="1" type="stmt"/>
        <line num="876" count="1" type="stmt"/>
        <line num="882" count="1" type="stmt"/>
        <line num="884" count="0" type="stmt"/>
        <line num="892" count="1" type="stmt"/>
        <line num="898" count="2" type="stmt"/>
        <line num="899" count="2" type="stmt"/>
        <line num="901" count="2" type="cond" truecount="2" falsecount="0"/>
        <line num="902" count="1" type="stmt"/>
        <line num="907" count="1" type="stmt"/>
        <line num="911" count="0" type="stmt"/>
        <line num="919" count="1" type="cond" truecount="1" falsecount="1"/>
        <line num="921" count="1" type="cond" truecount="1" falsecount="1"/>
        <line num="922" count="0" type="stmt"/>
        <line num="923" count="0" type="stmt"/>
        <line num="927" count="1" type="stmt"/>
      </file>
    </package>
    <package name="backend.config">
      <metrics statements="3" coveredstatements="3" conditionals="0" coveredconditionals="0" methods="0" coveredmethods="0"/>
      <file name="cloudinary.js" path="C:\Users\asus\recipehub\backend\config\cloudinary.js">
        <metrics statements="3" coveredstatements="3" conditionals="0" coveredconditionals="0" methods="0" coveredmethods="0"/>
        <line num="1" count="1" type="stmt"/>
        <line num="3" count="1" type="stmt"/>
        <line num="9" count="1" type="stmt"/>
      </file>
    </package>
    <package name="backend.models">
      <metrics statements="12" coveredstatements="12" conditionals="0" coveredconditionals="0" methods="0" coveredmethods="0"/>
      <file name="Admin.js" path="C:\Users\asus\recipehub\backend\models\Admin.js">
        <metrics statements="3" coveredstatements="3" conditionals="0" coveredconditionals="0" methods="0" coveredmethods="0"/>
        <line num="1" count="1" type="stmt"/>
        <line num="3" count="1" type="stmt"/>
        <line num="24" count="1" type="stmt"/>
      </file>
      <file name="Favorite.js" path="C:\Users\asus\recipehub\backend\models\Favorite.js">
        <metrics statements="3" coveredstatements="3" conditionals="0" coveredconditionals="0" methods="0" coveredmethods="0"/>
        <line num="1" count="1" type="stmt"/>
        <line num="3" count="1" type="stmt"/>
        <line num="31" count="1" type="stmt"/>
      </file>
      <file name="Recipe.js" path="C:\Users\asus\recipehub\backend\models\Recipe.js">
        <metrics statements="3" coveredstatements="3" conditionals="0" coveredconditionals="0" methods="0" coveredmethods="0"/>
        <line num="1" count="1" type="stmt"/>
        <line num="3" count="1" type="stmt"/>
        <line num="71" count="1" type="stmt"/>
      </file>
      <file name="User.js" path="C:\Users\asus\recipehub\backend\models\User.js">
        <metrics statements="3" coveredstatements="3" conditionals="0" coveredconditionals="0" methods="0" coveredmethods="0"/>
        <line num="1" count="1" type="stmt"/>
        <line num="3" count="1" type="stmt"/>
        <line num="42" count="1" type="stmt"/>
      </file>
    </package>
  </project>
</coverage>
