{"C:\\Users\\asus\\recipehub\\backend\\server.js": {"path":"C:\\Users\\asus\\recipehub\\backend\\server.js","statementMap":{"0":{"start":{"line":2,"column":16},"end":{"line":2,"column":34}},"1":{"start":{"line":3,"column":13},"end":{"line":3,"column":28}},"2":{"start":{"line":4,"column":17},"end":{"line":4,"column":36}},"3":{"start":{"line":7,"column":15},"end":{"line":7,"column":32}},"4":{"start":{"line":8,"column":18},"end":{"line":8,"column":47}},"5":{"start":{"line":9,"column":35},"end":{"line":9,"column":63}},"6":{"start":{"line":12,"column":15},"end":{"line":12,"column":41}},"7":{"start":{"line":13,"column":14},"end":{"line":13,"column":39}},"8":{"start":{"line":14,"column":13},"end":{"line":14,"column":37}},"9":{"start":{"line":15,"column":17},"end":{"line":15,"column":45}},"10":{"start":{"line":18,"column":15},"end":{"line":18,"column":34}},"11":{"start":{"line":19,"column":12},"end":{"line":19,"column":35}},"12":{"start":{"line":20,"column":15},"end":{"line":20,"column":32}},"13":{"start":{"line":21,"column":13},"end":{"line":21,"column":28}},"14":{"start":{"line":23,"column":12},"end":{"line":23,"column":21}},"15":{"start":{"line":25,"column":16},"end":{"line":37,"column":2}},"16":{"start":{"line":27,"column":4},"end":{"line":27,"column":25}},"17":{"start":{"line":31,"column":4},"end":{"line":35,"column":6}},"18":{"start":{"line":39,"column":15},"end":{"line":41,"column":2}},"19":{"start":{"line":44,"column":19},"end":{"line":44,"column":41}},"20":{"start":{"line":47,"column":0},"end":{"line":47,"column":16}},"21":{"start":{"line":48,"column":0},"end":{"line":55,"column":2}},"22":{"start":{"line":56,"column":0},"end":{"line":59,"column":3}},"23":{"start":{"line":57,"column":2},"end":{"line":57,"column":64}},"24":{"start":{"line":58,"column":2},"end":{"line":58,"column":9}},"25":{"start":{"line":60,"column":0},"end":{"line":60,"column":24}},"26":{"start":{"line":62,"column":0},"end":{"line":65,"column":2}},"27":{"start":{"line":69,"column":31},"end":{"line":80,"column":1}},"28":{"start":{"line":70,"column":17},"end":{"line":70,"column":38}},"29":{"start":{"line":72,"column":2},"end":{"line":77,"column":3}},"30":{"start":{"line":73,"column":4},"end":{"line":76,"column":7}},"31":{"start":{"line":79,"column":2},"end":{"line":79,"column":9}},"32":{"start":{"line":83,"column":24},"end":{"line":116,"column":1}},"33":{"start":{"line":119,"column":26},"end":{"line":127,"column":1}},"34":{"start":{"line":133,"column":20},"end":{"line":161,"column":1}},"35":{"start":{"line":134,"column":2},"end":{"line":160,"column":3}},"36":{"start":{"line":135,"column":23},"end":{"line":135,"column":48}},"37":{"start":{"line":137,"column":4},"end":{"line":141,"column":5}},"38":{"start":{"line":138,"column":6},"end":{"line":140,"column":9}},"39":{"start":{"line":143,"column":18},"end":{"line":143,"column":42}},"40":{"start":{"line":145,"column":4},"end":{"line":149,"column":5}},"41":{"start":{"line":146,"column":6},"end":{"line":148,"column":9}},"42":{"start":{"line":151,"column":20},"end":{"line":151,"column":49}},"43":{"start":{"line":153,"column":4},"end":{"line":153,"column":23}},"44":{"start":{"line":155,"column":4},"end":{"line":155,"column":11}},"45":{"start":{"line":157,"column":4},"end":{"line":159,"column":7}},"46":{"start":{"line":164,"column":20},"end":{"line":174,"column":1}},"47":{"start":{"line":165,"column":2},"end":{"line":173,"column":4}},"48":{"start":{"line":166,"column":4},"end":{"line":170,"column":5}},"49":{"start":{"line":167,"column":6},"end":{"line":169,"column":9}},"50":{"start":{"line":172,"column":4},"end":{"line":172,"column":11}},"51":{"start":{"line":178,"column":20},"end":{"line":187,"column":2}},"52":{"start":{"line":190,"column":0},"end":{"line":193,"column":36}},"53":{"start":{"line":192,"column":14},"end":{"line":192,"column":46}},"54":{"start":{"line":193,"column":18},"end":{"line":193,"column":34}},"55":{"start":{"line":196,"column":0},"end":{"line":198,"column":3}},"56":{"start":{"line":197,"column":2},"end":{"line":197,"column":37}},"57":{"start":{"line":202,"column":0},"end":{"line":259,"column":2}},"58":{"start":{"line":223,"column":4},"end":{"line":257,"column":5}},"59":{"start":{"line":224,"column":40},"end":{"line":224,"column":48}},"60":{"start":{"line":226,"column":28},"end":{"line":226,"column":58}},"61":{"start":{"line":228,"column":6},"end":{"line":232,"column":7}},"62":{"start":{"line":229,"column":8},"end":{"line":231,"column":11}},"63":{"start":{"line":234,"column":29},"end":{"line":234,"column":60}},"64":{"start":{"line":236,"column":23},"end":{"line":240,"column":8}},"65":{"start":{"line":242,"column":25},"end":{"line":242,"column":46}},"66":{"start":{"line":244,"column":6},"end":{"line":252,"column":9}},"67":{"start":{"line":254,"column":6},"end":{"line":256,"column":9}},"68":{"start":{"line":262,"column":0},"end":{"line":331,"column":2}},"69":{"start":{"line":281,"column":4},"end":{"line":329,"column":5}},"70":{"start":{"line":282,"column":34},"end":{"line":282,"column":42}},"71":{"start":{"line":284,"column":20},"end":{"line":284,"column":50}},"72":{"start":{"line":286,"column":6},"end":{"line":290,"column":7}},"73":{"start":{"line":287,"column":8},"end":{"line":289,"column":11}},"74":{"start":{"line":292,"column":22},"end":{"line":292,"column":68}},"75":{"start":{"line":294,"column":6},"end":{"line":298,"column":7}},"76":{"start":{"line":295,"column":8},"end":{"line":297,"column":11}},"77":{"start":{"line":300,"column":20},"end":{"line":312,"column":7}},"78":{"start":{"line":314,"column":6},"end":{"line":324,"column":9}},"79":{"start":{"line":326,"column":6},"end":{"line":328,"column":9}},"80":{"start":{"line":335,"column":0},"end":{"line":393,"column":2}},"81":{"start":{"line":357,"column":4},"end":{"line":391,"column":5}},"82":{"start":{"line":358,"column":40},"end":{"line":358,"column":48}},"83":{"start":{"line":360,"column":27},"end":{"line":360,"column":56}},"84":{"start":{"line":362,"column":6},"end":{"line":366,"column":7}},"85":{"start":{"line":363,"column":8},"end":{"line":365,"column":11}},"86":{"start":{"line":368,"column":29},"end":{"line":368,"column":60}},"87":{"start":{"line":370,"column":22},"end":{"line":374,"column":8}},"88":{"start":{"line":376,"column":24},"end":{"line":376,"column":44}},"89":{"start":{"line":378,"column":6},"end":{"line":386,"column":9}},"90":{"start":{"line":388,"column":6},"end":{"line":390,"column":9}},"91":{"start":{"line":396,"column":0},"end":{"line":465,"column":2}},"92":{"start":{"line":415,"column":4},"end":{"line":463,"column":5}},"93":{"start":{"line":416,"column":34},"end":{"line":416,"column":42}},"94":{"start":{"line":418,"column":19},"end":{"line":418,"column":48}},"95":{"start":{"line":420,"column":6},"end":{"line":424,"column":7}},"96":{"start":{"line":421,"column":8},"end":{"line":423,"column":11}},"97":{"start":{"line":426,"column":22},"end":{"line":426,"column":67}},"98":{"start":{"line":428,"column":6},"end":{"line":432,"column":7}},"99":{"start":{"line":429,"column":8},"end":{"line":431,"column":11}},"100":{"start":{"line":434,"column":20},"end":{"line":446,"column":7}},"101":{"start":{"line":448,"column":6},"end":{"line":458,"column":9}},"102":{"start":{"line":460,"column":6},"end":{"line":462,"column":9}},"103":{"start":{"line":469,"column":0},"end":{"line":485,"column":2}},"104":{"start":{"line":475,"column":4},"end":{"line":483,"column":5}},"105":{"start":{"line":476,"column":20},"end":{"line":476,"column":57}},"106":{"start":{"line":478,"column":6},"end":{"line":478,"column":22}},"107":{"start":{"line":480,"column":6},"end":{"line":482,"column":9}},"108":{"start":{"line":489,"column":0},"end":{"line":499,"column":3}},"109":{"start":{"line":490,"column":2},"end":{"line":498,"column":3}},"110":{"start":{"line":491,"column":20},"end":{"line":491,"column":39}},"111":{"start":{"line":493,"column":4},"end":{"line":493,"column":22}},"112":{"start":{"line":495,"column":4},"end":{"line":497,"column":7}},"113":{"start":{"line":502,"column":0},"end":{"line":518,"column":3}},"114":{"start":{"line":503,"column":2},"end":{"line":517,"column":3}},"115":{"start":{"line":504,"column":19},"end":{"line":504,"column":55}},"116":{"start":{"line":506,"column":4},"end":{"line":510,"column":5}},"117":{"start":{"line":507,"column":6},"end":{"line":509,"column":9}},"118":{"start":{"line":512,"column":4},"end":{"line":512,"column":21}},"119":{"start":{"line":514,"column":4},"end":{"line":516,"column":7}},"120":{"start":{"line":521,"column":0},"end":{"line":562,"column":2}},"121":{"start":{"line":530,"column":4},"end":{"line":560,"column":5}},"122":{"start":{"line":532,"column":24},"end":{"line":549,"column":8}},"123":{"start":{"line":552,"column":8},"end":{"line":552,"column":30}},"124":{"start":{"line":554,"column":6},"end":{"line":554,"column":40}},"125":{"start":{"line":557,"column":6},"end":{"line":559,"column":9}},"126":{"start":{"line":565,"column":0},"end":{"line":610,"column":2}},"127":{"start":{"line":573,"column":2},"end":{"line":608,"column":3}},"128":{"start":{"line":575,"column":23},"end":{"line":586,"column":5}},"129":{"start":{"line":588,"column":4},"end":{"line":591,"column":5}},"130":{"start":{"line":589,"column":6},"end":{"line":590,"column":26}},"131":{"start":{"line":594,"column":6},"end":{"line":600,"column":7}},"132":{"start":{"line":602,"column":4},"end":{"line":602,"column":28}},"133":{"start":{"line":605,"column":4},"end":{"line":607,"column":7}},"134":{"start":{"line":613,"column":0},"end":{"line":638,"column":2}},"135":{"start":{"line":620,"column":4},"end":{"line":636,"column":5}},"136":{"start":{"line":621,"column":28},"end":{"line":621,"column":73}},"137":{"start":{"line":623,"column":6},"end":{"line":627,"column":7}},"138":{"start":{"line":624,"column":8},"end":{"line":626,"column":11}},"139":{"start":{"line":629,"column":6},"end":{"line":631,"column":9}},"140":{"start":{"line":633,"column":6},"end":{"line":635,"column":9}},"141":{"start":{"line":641,"column":0},"end":{"line":662,"column":3}},"142":{"start":{"line":642,"column":2},"end":{"line":661,"column":3}},"143":{"start":{"line":643,"column":20},"end":{"line":654,"column":5}},"144":{"start":{"line":656,"column":4},"end":{"line":656,"column":22}},"145":{"start":{"line":658,"column":4},"end":{"line":660,"column":7}},"146":{"start":{"line":665,"column":0},"end":{"line":686,"column":3}},"147":{"start":{"line":666,"column":2},"end":{"line":685,"column":3}},"148":{"start":{"line":667,"column":20},"end":{"line":678,"column":5}},"149":{"start":{"line":680,"column":4},"end":{"line":680,"column":22}},"150":{"start":{"line":682,"column":4},"end":{"line":684,"column":7}},"151":{"start":{"line":690,"column":0},"end":{"line":731,"column":2}},"152":{"start":{"line":700,"column":4},"end":{"line":729,"column":5}},"153":{"start":{"line":701,"column":39},"end":{"line":701,"column":47}},"154":{"start":{"line":703,"column":21},"end":{"line":703,"column":32}},"155":{"start":{"line":705,"column":31},"end":{"line":708,"column":8}},"156":{"start":{"line":710,"column":6},"end":{"line":714,"column":7}},"157":{"start":{"line":711,"column":8},"end":{"line":713,"column":11}},"158":{"start":{"line":716,"column":26},"end":{"line":720,"column":8}},"159":{"start":{"line":722,"column":28},"end":{"line":722,"column":52}},"160":{"start":{"line":724,"column":6},"end":{"line":724,"column":42}},"161":{"start":{"line":726,"column":6},"end":{"line":728,"column":9}},"162":{"start":{"line":734,"column":0},"end":{"line":763,"column":2}},"163":{"start":{"line":740,"column":4},"end":{"line":761,"column":5}},"164":{"start":{"line":741,"column":6},"end":{"line":748,"column":7}},"165":{"start":{"line":745,"column":8},"end":{"line":747,"column":11}},"166":{"start":{"line":750,"column":24},"end":{"line":754,"column":8}},"167":{"start":{"line":756,"column":6},"end":{"line":756,"column":26}},"168":{"start":{"line":758,"column":6},"end":{"line":760,"column":9}},"169":{"start":{"line":766,"column":0},"end":{"line":790,"column":2}},"170":{"start":{"line":772,"column":4},"end":{"line":788,"column":5}},"171":{"start":{"line":773,"column":22},"end":{"line":773,"column":69}},"172":{"start":{"line":775,"column":6},"end":{"line":779,"column":7}},"173":{"start":{"line":776,"column":8},"end":{"line":778,"column":11}},"174":{"start":{"line":781,"column":6},"end":{"line":783,"column":9}},"175":{"start":{"line":785,"column":6},"end":{"line":787,"column":9}},"176":{"start":{"line":793,"column":13},"end":{"line":793,"column":37}},"177":{"start":{"line":795,"column":0},"end":{"line":799,"column":1}},"178":{"start":{"line":796,"column":2},"end":{"line":798,"column":5}},"179":{"start":{"line":797,"column":4},"end":{"line":797,"column":50}},"180":{"start":{"line":801,"column":0},"end":{"line":801,"column":21}}},"fnMap":{"0":{"name":"(anonymous_0)","decl":{"start":{"line":26,"column":15},"end":{"line":26,"column":16}},"loc":{"start":{"line":26,"column":34},"end":{"line":28,"column":3}},"line":26},"1":{"name":"(anonymous_1)","decl":{"start":{"line":30,"column":12},"end":{"line":30,"column":13}},"loc":{"start":{"line":30,"column":31},"end":{"line":36,"column":3}},"line":30},"2":{"name":"(anonymous_2)","decl":{"start":{"line":56,"column":8},"end":{"line":56,"column":9}},"loc":{"start":{"line":56,"column":28},"end":{"line":59,"column":1}},"line":56},"3":{"name":"(anonymous_3)","decl":{"start":{"line":69,"column":31},"end":{"line":69,"column":32}},"loc":{"start":{"line":69,"column":51},"end":{"line":80,"column":1}},"line":69},"4":{"name":"(anonymous_4)","decl":{"start":{"line":133,"column":20},"end":{"line":133,"column":21}},"loc":{"start":{"line":133,"column":40},"end":{"line":161,"column":1}},"line":133},"5":{"name":"(anonymous_5)","decl":{"start":{"line":164,"column":20},"end":{"line":164,"column":21}},"loc":{"start":{"line":164,"column":41},"end":{"line":174,"column":1}},"line":164},"6":{"name":"(anonymous_6)","decl":{"start":{"line":165,"column":9},"end":{"line":165,"column":10}},"loc":{"start":{"line":165,"column":29},"end":{"line":173,"column":3}},"line":165},"7":{"name":"(anonymous_7)","decl":{"start":{"line":192,"column":8},"end":{"line":192,"column":9}},"loc":{"start":{"line":192,"column":14},"end":{"line":192,"column":46}},"line":192},"8":{"name":"(anonymous_8)","decl":{"start":{"line":193,"column":9},"end":{"line":193,"column":10}},"loc":{"start":{"line":193,"column":18},"end":{"line":193,"column":34}},"line":193},"9":{"name":"(anonymous_9)","decl":{"start":{"line":196,"column":13},"end":{"line":196,"column":14}},"loc":{"start":{"line":196,"column":27},"end":{"line":198,"column":1}},"line":196},"10":{"name":"(anonymous_10)","decl":{"start":{"line":222,"column":2},"end":{"line":222,"column":3}},"loc":{"start":{"line":222,"column":22},"end":{"line":258,"column":3}},"line":222},"11":{"name":"(anonymous_11)","decl":{"start":{"line":280,"column":2},"end":{"line":280,"column":3}},"loc":{"start":{"line":280,"column":22},"end":{"line":330,"column":3}},"line":280},"12":{"name":"(anonymous_12)","decl":{"start":{"line":356,"column":2},"end":{"line":356,"column":3}},"loc":{"start":{"line":356,"column":22},"end":{"line":392,"column":3}},"line":356},"13":{"name":"(anonymous_13)","decl":{"start":{"line":414,"column":2},"end":{"line":414,"column":3}},"loc":{"start":{"line":414,"column":22},"end":{"line":464,"column":3}},"line":414},"14":{"name":"(anonymous_14)","decl":{"start":{"line":474,"column":2},"end":{"line":474,"column":3}},"loc":{"start":{"line":474,"column":22},"end":{"line":484,"column":3}},"line":474},"15":{"name":"(anonymous_15)","decl":{"start":{"line":489,"column":20},"end":{"line":489,"column":21}},"loc":{"start":{"line":489,"column":40},"end":{"line":499,"column":1}},"line":489},"16":{"name":"(anonymous_16)","decl":{"start":{"line":502,"column":24},"end":{"line":502,"column":25}},"loc":{"start":{"line":502,"column":44},"end":{"line":518,"column":1}},"line":502},"17":{"name":"(anonymous_17)","decl":{"start":{"line":529,"column":2},"end":{"line":529,"column":3}},"loc":{"start":{"line":529,"column":22},"end":{"line":561,"column":3}},"line":529},"18":{"name":"(anonymous_18)","decl":{"start":{"line":572,"column":0},"end":{"line":572,"column":1}},"loc":{"start":{"line":572,"column":20},"end":{"line":609,"column":1}},"line":572},"19":{"name":"(anonymous_19)","decl":{"start":{"line":619,"column":2},"end":{"line":619,"column":3}},"loc":{"start":{"line":619,"column":22},"end":{"line":637,"column":3}},"line":619},"20":{"name":"(anonymous_20)","decl":{"start":{"line":641,"column":31},"end":{"line":641,"column":32}},"loc":{"start":{"line":641,"column":51},"end":{"line":662,"column":1}},"line":641},"21":{"name":"(anonymous_21)","decl":{"start":{"line":665,"column":33},"end":{"line":665,"column":34}},"loc":{"start":{"line":665,"column":53},"end":{"line":686,"column":1}},"line":665},"22":{"name":"(anonymous_22)","decl":{"start":{"line":699,"column":2},"end":{"line":699,"column":3}},"loc":{"start":{"line":699,"column":22},"end":{"line":730,"column":3}},"line":699},"23":{"name":"(anonymous_23)","decl":{"start":{"line":739,"column":2},"end":{"line":739,"column":3}},"loc":{"start":{"line":739,"column":22},"end":{"line":762,"column":3}},"line":739},"24":{"name":"(anonymous_24)","decl":{"start":{"line":771,"column":2},"end":{"line":771,"column":3}},"loc":{"start":{"line":771,"column":22},"end":{"line":789,"column":3}},"line":771},"25":{"name":"(anonymous_25)","decl":{"start":{"line":796,"column":19},"end":{"line":796,"column":20}},"loc":{"start":{"line":796,"column":25},"end":{"line":798,"column":3}},"line":796}},"branchMap":{"0":{"loc":{"start":{"line":72,"column":2},"end":{"line":77,"column":3}},"type":"if","locations":[{"start":{"line":72,"column":2},"end":{"line":77,"column":3}},{"start":{},"end":{}}],"line":72},"1":{"loc":{"start":{"line":137,"column":4},"end":{"line":141,"column":5}},"type":"if","locations":[{"start":{"line":137,"column":4},"end":{"line":141,"column":5}},{"start":{},"end":{}}],"line":137},"2":{"loc":{"start":{"line":145,"column":4},"end":{"line":149,"column":5}},"type":"if","locations":[{"start":{"line":145,"column":4},"end":{"line":149,"column":5}},{"start":{},"end":{}}],"line":145},"3":{"loc":{"start":{"line":166,"column":4},"end":{"line":170,"column":5}},"type":"if","locations":[{"start":{"line":166,"column":4},"end":{"line":170,"column":5}},{"start":{},"end":{}}],"line":166},"4":{"loc":{"start":{"line":166,"column":8},"end":{"line":166,"column":58}},"type":"binary-expr","locations":[{"start":{"line":166,"column":8},"end":{"line":166,"column":17}},{"start":{"line":166,"column":21},"end":{"line":166,"column":58}}],"line":166},"5":{"loc":{"start":{"line":228,"column":6},"end":{"line":232,"column":7}},"type":"if","locations":[{"start":{"line":228,"column":6},"end":{"line":232,"column":7}},{"start":{},"end":{}}],"line":228},"6":{"loc":{"start":{"line":286,"column":6},"end":{"line":290,"column":7}},"type":"if","locations":[{"start":{"line":286,"column":6},"end":{"line":290,"column":7}},{"start":{},"end":{}}],"line":286},"7":{"loc":{"start":{"line":294,"column":6},"end":{"line":298,"column":7}},"type":"if","locations":[{"start":{"line":294,"column":6},"end":{"line":298,"column":7}},{"start":{},"end":{}}],"line":294},"8":{"loc":{"start":{"line":362,"column":6},"end":{"line":366,"column":7}},"type":"if","locations":[{"start":{"line":362,"column":6},"end":{"line":366,"column":7}},{"start":{},"end":{}}],"line":362},"9":{"loc":{"start":{"line":420,"column":6},"end":{"line":424,"column":7}},"type":"if","locations":[{"start":{"line":420,"column":6},"end":{"line":424,"column":7}},{"start":{},"end":{}}],"line":420},"10":{"loc":{"start":{"line":428,"column":6},"end":{"line":432,"column":7}},"type":"if","locations":[{"start":{"line":428,"column":6},"end":{"line":432,"column":7}},{"start":{},"end":{}}],"line":428},"11":{"loc":{"start":{"line":506,"column":4},"end":{"line":510,"column":5}},"type":"if","locations":[{"start":{"line":506,"column":4},"end":{"line":510,"column":5}},{"start":{},"end":{}}],"line":506},"12":{"loc":{"start":{"line":538,"column":15},"end":{"line":540,"column":14}},"type":"cond-expr","locations":[{"start":{"line":539,"column":12},"end":{"line":539,"column":29}},{"start":{"line":540,"column":12},"end":{"line":540,"column":14}}],"line":538},"13":{"loc":{"start":{"line":588,"column":4},"end":{"line":591,"column":5}},"type":"if","locations":[{"start":{"line":588,"column":4},"end":{"line":591,"column":5}},{"start":{},"end":{}}],"line":588},"14":{"loc":{"start":{"line":623,"column":6},"end":{"line":627,"column":7}},"type":"if","locations":[{"start":{"line":623,"column":6},"end":{"line":627,"column":7}},{"start":{},"end":{}}],"line":623},"15":{"loc":{"start":{"line":710,"column":6},"end":{"line":714,"column":7}},"type":"if","locations":[{"start":{"line":710,"column":6},"end":{"line":714,"column":7}},{"start":{},"end":{}}],"line":710},"16":{"loc":{"start":{"line":741,"column":6},"end":{"line":748,"column":7}},"type":"if","locations":[{"start":{"line":741,"column":6},"end":{"line":748,"column":7}},{"start":{},"end":{}}],"line":741},"17":{"loc":{"start":{"line":742,"column":8},"end":{"line":743,"column":41}},"type":"binary-expr","locations":[{"start":{"line":742,"column":8},"end":{"line":742,"column":32}},{"start":{"line":743,"column":8},"end":{"line":743,"column":41}}],"line":742},"18":{"loc":{"start":{"line":775,"column":6},"end":{"line":779,"column":7}},"type":"if","locations":[{"start":{"line":775,"column":6},"end":{"line":779,"column":7}},{"start":{},"end":{}}],"line":775},"19":{"loc":{"start":{"line":793,"column":13},"end":{"line":793,"column":37}},"type":"binary-expr","locations":[{"start":{"line":793,"column":13},"end":{"line":793,"column":29}},{"start":{"line":793,"column":33},"end":{"line":793,"column":37}}],"line":793},"20":{"loc":{"start":{"line":795,"column":0},"end":{"line":799,"column":1}},"type":"if","locations":[{"start":{"line":795,"column":0},"end":{"line":799,"column":1}},{"start":{},"end":{}}],"line":795}},"s":{"0":1,"1":1,"2":1,"3":1,"4":1,"5":1,"6":1,"7":1,"8":1,"9":1,"10":1,"11":1,"12":1,"13":1,"14":1,"15":1,"16":0,"17":0,"18":1,"19":1,"20":1,"21":1,"22":1,"23":44,"24":44,"25":1,"26":1,"27":1,"28":15,"29":15,"30":2,"31":13,"32":1,"33":1,"34":1,"35":18,"36":18,"37":18,"38":5,"39":13,"40":13,"41":0,"42":13,"43":13,"44":13,"45":0,"46":1,"47":5,"48":9,"49":1,"50":8,"51":1,"52":1,"53":1,"54":0,"55":1,"56":0,"57":1,"58":1,"59":1,"60":1,"61":1,"62":1,"63":0,"64":0,"65":0,"66":0,"67":0,"68":1,"69":4,"70":4,"71":4,"72":4,"73":0,"74":4,"75":4,"76":2,"77":2,"78":2,"79":0,"80":1,"81":4,"82":4,"83":4,"84":4,"85":1,"86":3,"87":3,"88":3,"89":3,"90":0,"91":1,"92":1,"93":1,"94":1,"95":1,"96":0,"97":1,"98":1,"99":0,"100":1,"101":1,"102":0,"103":1,"104":1,"105":1,"106":1,"107":0,"108":1,"109":8,"110":8,"111":8,"112":0,"113":1,"114":2,"115":2,"116":1,"117":0,"118":1,"119":1,"120":1,"121":1,"122":1,"123":1,"124":1,"125":0,"126":1,"127":1,"128":1,"129":1,"130":0,"131":1,"132":1,"133":0,"134":1,"135":2,"136":2,"137":2,"138":1,"139":1,"140":0,"141":1,"142":1,"143":1,"144":1,"145":0,"146":1,"147":1,"148":1,"149":1,"150":0,"151":1,"152":3,"153":3,"154":3,"155":3,"156":3,"157":1,"158":2,"159":2,"160":2,"161":0,"162":1,"163":2,"164":2,"165":1,"166":1,"167":1,"168":0,"169":1,"170":2,"171":2,"172":2,"173":1,"174":1,"175":0,"176":1,"177":1,"178":0,"179":0,"180":1},"f":{"0":0,"1":0,"2":44,"3":15,"4":18,"5":5,"6":9,"7":1,"8":0,"9":0,"10":1,"11":4,"12":4,"13":1,"14":1,"15":8,"16":2,"17":1,"18":1,"19":2,"20":1,"21":1,"22":3,"23":2,"24":2,"25":0},"b":{"0":[2,13],"1":[5,13],"2":[0,13],"3":[1,8],"4":[9,9],"5":[1,0],"6":[0,4],"7":[2,2],"8":[1,3],"9":[0,1],"10":[0,1],"11":[0,1],"12":[0,1],"13":[0,1],"14":[1,1],"15":[1,2],"16":[1,1],"17":[2,2],"18":[1,1],"19":[1,1],"20":[0,1]},"_coverageSchema":"1a1c01bbd47fc00a2c39e90264f33305004495a9","hash":"da57a8b0cab2969e6b59603f29c4122e86af4610"}
,"C:\\Users\\asus\\recipehub\\backend\\models\\Admin.js": {"path":"C:\\Users\\asus\\recipehub\\backend\\models\\Admin.js","statementMap":{"0":{"start":{"line":1,"column":17},"end":{"line":1,"column":36}},"1":{"start":{"line":3,"column":20},"end":{"line":22,"column":1}},"2":{"start":{"line":24,"column":0},"end":{"line":24,"column":54}}},"fnMap":{},"branchMap":{},"s":{"0":1,"1":1,"2":1},"f":{},"b":{},"_coverageSchema":"1a1c01bbd47fc00a2c39e90264f33305004495a9","hash":"f0dd722f27bc28dd33d90d01737ee63827d8dc80"}
,"C:\\Users\\asus\\recipehub\\backend\\models\\Favorite.js": {"path":"C:\\Users\\asus\\recipehub\\backend\\models\\Favorite.js","statementMap":{"0":{"start":{"line":1,"column":17},"end":{"line":1,"column":36}},"1":{"start":{"line":3,"column":23},"end":{"line":29,"column":1}},"2":{"start":{"line":31,"column":0},"end":{"line":31,"column":60}}},"fnMap":{},"branchMap":{},"s":{"0":1,"1":1,"2":1},"f":{},"b":{},"_coverageSchema":"1a1c01bbd47fc00a2c39e90264f33305004495a9","hash":"487ba11feddd3908854a4c71f4e9d74b438294e8"}
,"C:\\Users\\asus\\recipehub\\backend\\models\\Recipe.js": {"path":"C:\\Users\\asus\\recipehub\\backend\\models\\Recipe.js","statementMap":{"0":{"start":{"line":1,"column":17},"end":{"line":1,"column":36}},"1":{"start":{"line":3,"column":21},"end":{"line":53,"column":1}},"2":{"start":{"line":55,"column":0},"end":{"line":55,"column":56}}},"fnMap":{},"branchMap":{},"s":{"0":1,"1":1,"2":1},"f":{},"b":{},"_coverageSchema":"1a1c01bbd47fc00a2c39e90264f33305004495a9","hash":"27f7de0adc2e3db597322af7676338ddb1d77992"}
,"C:\\Users\\asus\\recipehub\\backend\\models\\User.js": {"path":"C:\\Users\\asus\\recipehub\\backend\\models\\User.js","statementMap":{"0":{"start":{"line":1,"column":17},"end":{"line":1,"column":36}},"1":{"start":{"line":3,"column":19},"end":{"line":22,"column":1}},"2":{"start":{"line":24,"column":0},"end":{"line":24,"column":52}}},"fnMap":{},"branchMap":{},"s":{"0":1,"1":1,"2":1},"f":{},"b":{},"_coverageSchema":"1a1c01bbd47fc00a2c39e90264f33305004495a9","hash":"7e0f1ebdbb0d02e318c28e0652099f95d152e6b6"}
}
