{"C:\\Users\\asus\\recipehub\\backend\\server.js": {"path":"C:\\Users\\asus\\recipehub\\backend\\server.js","statementMap":{"0":{"start":{"line":1,"column":0},"end":{"line":1,"column":27}},"1":{"start":{"line":4,"column":16},"end":{"line":4,"column":34}},"2":{"start":{"line":5,"column":13},"end":{"line":5,"column":28}},"3":{"start":{"line":6,"column":17},"end":{"line":6,"column":36}},"4":{"start":{"line":9,"column":15},"end":{"line":9,"column":32}},"5":{"start":{"line":10,"column":18},"end":{"line":10,"column":47}},"6":{"start":{"line":11,"column":35},"end":{"line":11,"column":63}},"7":{"start":{"line":14,"column":15},"end":{"line":14,"column":41}},"8":{"start":{"line":15,"column":14},"end":{"line":15,"column":39}},"9":{"start":{"line":16,"column":13},"end":{"line":16,"column":37}},"10":{"start":{"line":17,"column":17},"end":{"line":17,"column":45}},"11":{"start":{"line":20,"column":15},"end":{"line":20,"column":34}},"12":{"start":{"line":21,"column":12},"end":{"line":21,"column":35}},"13":{"start":{"line":22,"column":15},"end":{"line":22,"column":32}},"14":{"start":{"line":23,"column":19},"end":{"line":23,"column":49}},"15":{"start":{"line":24,"column":13},"end":{"line":24,"column":28}},"16":{"start":{"line":26,"column":12},"end":{"line":26,"column":21}},"17":{"start":{"line":30,"column":4},"end":{"line":30,"column":40}},"18":{"start":{"line":32,"column":16},"end":{"line":43,"column":2}},"19":{"start":{"line":45,"column":15},"end":{"line":47,"column":2}},"20":{"start":{"line":50,"column":0},"end":{"line":50,"column":27}},"21":{"start":{"line":53,"column":2},"end":{"line":53,"column":24}},"22":{"start":{"line":56,"column":0},"end":{"line":56,"column":16}},"23":{"start":{"line":57,"column":0},"end":{"line":64,"column":2}},"24":{"start":{"line":65,"column":0},"end":{"line":68,"column":3}},"25":{"start":{"line":66,"column":2},"end":{"line":66,"column":64}},"26":{"start":{"line":67,"column":2},"end":{"line":67,"column":9}},"27":{"start":{"line":69,"column":0},"end":{"line":69,"column":24}},"28":{"start":{"line":71,"column":0},"end":{"line":74,"column":2}},"29":{"start":{"line":78,"column":31},"end":{"line":89,"column":1}},"30":{"start":{"line":79,"column":17},"end":{"line":79,"column":38}},"31":{"start":{"line":81,"column":2},"end":{"line":86,"column":3}},"32":{"start":{"line":82,"column":4},"end":{"line":85,"column":7}},"33":{"start":{"line":88,"column":2},"end":{"line":88,"column":9}},"34":{"start":{"line":92,"column":24},"end":{"line":125,"column":1}},"35":{"start":{"line":128,"column":26},"end":{"line":136,"column":1}},"36":{"start":{"line":142,"column":20},"end":{"line":170,"column":1}},"37":{"start":{"line":143,"column":2},"end":{"line":169,"column":3}},"38":{"start":{"line":144,"column":23},"end":{"line":144,"column":48}},"39":{"start":{"line":146,"column":4},"end":{"line":150,"column":5}},"40":{"start":{"line":147,"column":6},"end":{"line":149,"column":9}},"41":{"start":{"line":152,"column":18},"end":{"line":152,"column":42}},"42":{"start":{"line":154,"column":4},"end":{"line":158,"column":5}},"43":{"start":{"line":155,"column":6},"end":{"line":157,"column":9}},"44":{"start":{"line":160,"column":20},"end":{"line":160,"column":49}},"45":{"start":{"line":162,"column":4},"end":{"line":162,"column":23}},"46":{"start":{"line":164,"column":4},"end":{"line":164,"column":11}},"47":{"start":{"line":166,"column":4},"end":{"line":168,"column":7}},"48":{"start":{"line":173,"column":20},"end":{"line":183,"column":1}},"49":{"start":{"line":174,"column":2},"end":{"line":182,"column":4}},"50":{"start":{"line":175,"column":4},"end":{"line":179,"column":5}},"51":{"start":{"line":176,"column":6},"end":{"line":178,"column":9}},"52":{"start":{"line":181,"column":4},"end":{"line":181,"column":11}},"53":{"start":{"line":187,"column":20},"end":{"line":196,"column":2}},"54":{"start":{"line":199,"column":0},"end":{"line":208,"column":36}},"55":{"start":{"line":202,"column":4},"end":{"line":202,"column":43}},"56":{"start":{"line":203,"column":4},"end":{"line":206,"column":6}},"57":{"start":{"line":208,"column":18},"end":{"line":208,"column":34}},"58":{"start":{"line":211,"column":0},"end":{"line":213,"column":3}},"59":{"start":{"line":212,"column":2},"end":{"line":212,"column":38}},"60":{"start":{"line":217,"column":0},"end":{"line":280,"column":2}},"61":{"start":{"line":238,"column":4},"end":{"line":278,"column":5}},"62":{"start":{"line":245,"column":16},"end":{"line":245,"column":24}},"63":{"start":{"line":247,"column":28},"end":{"line":247,"column":58}},"64":{"start":{"line":249,"column":6},"end":{"line":253,"column":7}},"65":{"start":{"line":250,"column":8},"end":{"line":252,"column":11}},"66":{"start":{"line":255,"column":29},"end":{"line":255,"column":60}},"67":{"start":{"line":257,"column":23},"end":{"line":261,"column":8}},"68":{"start":{"line":263,"column":25},"end":{"line":263,"column":46}},"69":{"start":{"line":265,"column":6},"end":{"line":273,"column":9}},"70":{"start":{"line":275,"column":6},"end":{"line":277,"column":9}},"71":{"start":{"line":283,"column":0},"end":{"line":352,"column":2}},"72":{"start":{"line":302,"column":4},"end":{"line":350,"column":5}},"73":{"start":{"line":303,"column":34},"end":{"line":303,"column":42}},"74":{"start":{"line":305,"column":20},"end":{"line":305,"column":50}},"75":{"start":{"line":307,"column":6},"end":{"line":311,"column":7}},"76":{"start":{"line":308,"column":8},"end":{"line":310,"column":11}},"77":{"start":{"line":313,"column":22},"end":{"line":313,"column":68}},"78":{"start":{"line":315,"column":6},"end":{"line":319,"column":7}},"79":{"start":{"line":316,"column":8},"end":{"line":318,"column":11}},"80":{"start":{"line":321,"column":20},"end":{"line":333,"column":7}},"81":{"start":{"line":335,"column":6},"end":{"line":345,"column":9}},"82":{"start":{"line":347,"column":6},"end":{"line":349,"column":9}},"83":{"start":{"line":358,"column":0},"end":{"line":383,"column":2}},"84":{"start":{"line":363,"column":4},"end":{"line":381,"column":5}},"85":{"start":{"line":365,"column":19},"end":{"line":367,"column":27}},"86":{"start":{"line":369,"column":6},"end":{"line":373,"column":7}},"87":{"start":{"line":370,"column":8},"end":{"line":372,"column":11}},"88":{"start":{"line":375,"column":6},"end":{"line":375,"column":21}},"89":{"start":{"line":378,"column":6},"end":{"line":380,"column":9}},"90":{"start":{"line":385,"column":0},"end":{"line":414,"column":2}},"91":{"start":{"line":390,"column":4},"end":{"line":412,"column":5}},"92":{"start":{"line":393,"column":8},"end":{"line":404,"column":9}},"93":{"start":{"line":406,"column":6},"end":{"line":406,"column":28}},"94":{"start":{"line":409,"column":6},"end":{"line":411,"column":9}},"95":{"start":{"line":417,"column":0},"end":{"line":486,"column":2}},"96":{"start":{"line":439,"column":4},"end":{"line":484,"column":5}},"97":{"start":{"line":446,"column":16},"end":{"line":446,"column":24}},"98":{"start":{"line":448,"column":27},"end":{"line":448,"column":56}},"99":{"start":{"line":450,"column":6},"end":{"line":454,"column":7}},"100":{"start":{"line":451,"column":8},"end":{"line":453,"column":11}},"101":{"start":{"line":456,"column":29},"end":{"line":456,"column":60}},"102":{"start":{"line":458,"column":22},"end":{"line":464,"column":8}},"103":{"start":{"line":466,"column":24},"end":{"line":466,"column":44}},"104":{"start":{"line":468,"column":6},"end":{"line":468,"column":37}},"105":{"start":{"line":469,"column":6},"end":{"line":469,"column":29}},"106":{"start":{"line":471,"column":6},"end":{"line":479,"column":9}},"107":{"start":{"line":481,"column":6},"end":{"line":483,"column":9}},"108":{"start":{"line":489,"column":0},"end":{"line":560,"column":2}},"109":{"start":{"line":508,"column":4},"end":{"line":558,"column":5}},"110":{"start":{"line":509,"column":34},"end":{"line":509,"column":42}},"111":{"start":{"line":511,"column":19},"end":{"line":511,"column":48}},"112":{"start":{"line":513,"column":6},"end":{"line":517,"column":7}},"113":{"start":{"line":514,"column":8},"end":{"line":516,"column":11}},"114":{"start":{"line":519,"column":22},"end":{"line":519,"column":67}},"115":{"start":{"line":521,"column":6},"end":{"line":525,"column":7}},"116":{"start":{"line":522,"column":8},"end":{"line":524,"column":11}},"117":{"start":{"line":527,"column":20},"end":{"line":539,"column":7}},"118":{"start":{"line":541,"column":6},"end":{"line":553,"column":9}},"119":{"start":{"line":555,"column":6},"end":{"line":557,"column":9}},"120":{"start":{"line":564,"column":0},"end":{"line":580,"column":2}},"121":{"start":{"line":570,"column":4},"end":{"line":578,"column":5}},"122":{"start":{"line":571,"column":20},"end":{"line":571,"column":57}},"123":{"start":{"line":573,"column":6},"end":{"line":573,"column":22}},"124":{"start":{"line":575,"column":6},"end":{"line":577,"column":9}},"125":{"start":{"line":583,"column":0},"end":{"line":609,"column":2}},"126":{"start":{"line":589,"column":4},"end":{"line":607,"column":5}},"127":{"start":{"line":590,"column":26},"end":{"line":592,"column":7}},"128":{"start":{"line":594,"column":6},"end":{"line":598,"column":7}},"129":{"start":{"line":595,"column":8},"end":{"line":597,"column":11}},"130":{"start":{"line":600,"column":6},"end":{"line":602,"column":9}},"131":{"start":{"line":604,"column":6},"end":{"line":606,"column":9}},"132":{"start":{"line":613,"column":0},"end":{"line":623,"column":3}},"133":{"start":{"line":614,"column":2},"end":{"line":622,"column":3}},"134":{"start":{"line":615,"column":20},"end":{"line":615,"column":39}},"135":{"start":{"line":617,"column":4},"end":{"line":617,"column":22}},"136":{"start":{"line":619,"column":4},"end":{"line":621,"column":7}},"137":{"start":{"line":626,"column":0},"end":{"line":642,"column":3}},"138":{"start":{"line":627,"column":2},"end":{"line":641,"column":3}},"139":{"start":{"line":628,"column":19},"end":{"line":628,"column":55}},"140":{"start":{"line":630,"column":4},"end":{"line":634,"column":5}},"141":{"start":{"line":631,"column":6},"end":{"line":633,"column":9}},"142":{"start":{"line":636,"column":4},"end":{"line":636,"column":21}},"143":{"start":{"line":638,"column":4},"end":{"line":640,"column":7}},"144":{"start":{"line":645,"column":0},"end":{"line":687,"column":2}},"145":{"start":{"line":654,"column":4},"end":{"line":685,"column":5}},"146":{"start":{"line":656,"column":24},"end":{"line":674,"column":8}},"147":{"start":{"line":677,"column":8},"end":{"line":677,"column":30}},"148":{"start":{"line":679,"column":6},"end":{"line":679,"column":40}},"149":{"start":{"line":682,"column":6},"end":{"line":684,"column":9}},"150":{"start":{"line":690,"column":0},"end":{"line":736,"column":2}},"151":{"start":{"line":698,"column":2},"end":{"line":734,"column":3}},"152":{"start":{"line":700,"column":23},"end":{"line":712,"column":5}},"153":{"start":{"line":714,"column":4},"end":{"line":717,"column":5}},"154":{"start":{"line":715,"column":6},"end":{"line":716,"column":22}},"155":{"start":{"line":720,"column":6},"end":{"line":726,"column":7}},"156":{"start":{"line":728,"column":4},"end":{"line":728,"column":28}},"157":{"start":{"line":731,"column":4},"end":{"line":733,"column":7}},"158":{"start":{"line":739,"column":0},"end":{"line":764,"column":2}},"159":{"start":{"line":746,"column":4},"end":{"line":762,"column":5}},"160":{"start":{"line":747,"column":28},"end":{"line":747,"column":73}},"161":{"start":{"line":749,"column":6},"end":{"line":753,"column":7}},"162":{"start":{"line":750,"column":8},"end":{"line":752,"column":11}},"163":{"start":{"line":755,"column":6},"end":{"line":757,"column":9}},"164":{"start":{"line":759,"column":6},"end":{"line":761,"column":9}},"165":{"start":{"line":767,"column":0},"end":{"line":788,"column":3}},"166":{"start":{"line":768,"column":2},"end":{"line":787,"column":3}},"167":{"start":{"line":769,"column":20},"end":{"line":780,"column":5}},"168":{"start":{"line":782,"column":4},"end":{"line":782,"column":22}},"169":{"start":{"line":784,"column":4},"end":{"line":786,"column":7}},"170":{"start":{"line":791,"column":0},"end":{"line":812,"column":3}},"171":{"start":{"line":792,"column":2},"end":{"line":811,"column":3}},"172":{"start":{"line":793,"column":20},"end":{"line":804,"column":5}},"173":{"start":{"line":806,"column":4},"end":{"line":806,"column":22}},"174":{"start":{"line":808,"column":4},"end":{"line":810,"column":7}},"175":{"start":{"line":816,"column":0},"end":{"line":857,"column":2}},"176":{"start":{"line":826,"column":4},"end":{"line":855,"column":5}},"177":{"start":{"line":827,"column":39},"end":{"line":827,"column":47}},"178":{"start":{"line":829,"column":21},"end":{"line":829,"column":32}},"179":{"start":{"line":831,"column":31},"end":{"line":834,"column":8}},"180":{"start":{"line":836,"column":6},"end":{"line":840,"column":7}},"181":{"start":{"line":837,"column":8},"end":{"line":839,"column":11}},"182":{"start":{"line":842,"column":26},"end":{"line":846,"column":8}},"183":{"start":{"line":848,"column":28},"end":{"line":848,"column":52}},"184":{"start":{"line":850,"column":6},"end":{"line":850,"column":42}},"185":{"start":{"line":852,"column":6},"end":{"line":854,"column":9}},"186":{"start":{"line":860,"column":0},"end":{"line":889,"column":2}},"187":{"start":{"line":866,"column":4},"end":{"line":887,"column":5}},"188":{"start":{"line":867,"column":6},"end":{"line":874,"column":7}},"189":{"start":{"line":871,"column":8},"end":{"line":873,"column":11}},"190":{"start":{"line":876,"column":24},"end":{"line":880,"column":8}},"191":{"start":{"line":882,"column":6},"end":{"line":882,"column":26}},"192":{"start":{"line":884,"column":6},"end":{"line":886,"column":9}},"193":{"start":{"line":892,"column":0},"end":{"line":916,"column":2}},"194":{"start":{"line":898,"column":4},"end":{"line":914,"column":5}},"195":{"start":{"line":899,"column":22},"end":{"line":899,"column":69}},"196":{"start":{"line":901,"column":6},"end":{"line":905,"column":7}},"197":{"start":{"line":902,"column":8},"end":{"line":904,"column":11}},"198":{"start":{"line":907,"column":6},"end":{"line":909,"column":9}},"199":{"start":{"line":911,"column":6},"end":{"line":913,"column":9}},"200":{"start":{"line":919,"column":13},"end":{"line":919,"column":37}},"201":{"start":{"line":921,"column":0},"end":{"line":925,"column":1}},"202":{"start":{"line":922,"column":2},"end":{"line":924,"column":5}},"203":{"start":{"line":923,"column":4},"end":{"line":923,"column":50}},"204":{"start":{"line":927,"column":0},"end":{"line":927,"column":21}}},"fnMap":{"0":{"name":"(anonymous_0)","decl":{"start":{"line":65,"column":8},"end":{"line":65,"column":9}},"loc":{"start":{"line":65,"column":28},"end":{"line":68,"column":1}},"line":65},"1":{"name":"(anonymous_1)","decl":{"start":{"line":78,"column":31},"end":{"line":78,"column":32}},"loc":{"start":{"line":78,"column":51},"end":{"line":89,"column":1}},"line":78},"2":{"name":"(anonymous_2)","decl":{"start":{"line":142,"column":20},"end":{"line":142,"column":21}},"loc":{"start":{"line":142,"column":40},"end":{"line":170,"column":1}},"line":142},"3":{"name":"(anonymous_3)","decl":{"start":{"line":173,"column":20},"end":{"line":173,"column":21}},"loc":{"start":{"line":173,"column":41},"end":{"line":183,"column":1}},"line":173},"4":{"name":"(anonymous_4)","decl":{"start":{"line":174,"column":9},"end":{"line":174,"column":10}},"loc":{"start":{"line":174,"column":29},"end":{"line":182,"column":3}},"line":174},"5":{"name":"(anonymous_5)","decl":{"start":{"line":201,"column":8},"end":{"line":201,"column":9}},"loc":{"start":{"line":201,"column":14},"end":{"line":207,"column":3}},"line":201},"6":{"name":"(anonymous_6)","decl":{"start":{"line":208,"column":9},"end":{"line":208,"column":10}},"loc":{"start":{"line":208,"column":18},"end":{"line":208,"column":34}},"line":208},"7":{"name":"(anonymous_7)","decl":{"start":{"line":211,"column":13},"end":{"line":211,"column":14}},"loc":{"start":{"line":211,"column":27},"end":{"line":213,"column":1}},"line":211},"8":{"name":"(anonymous_8)","decl":{"start":{"line":237,"column":2},"end":{"line":237,"column":3}},"loc":{"start":{"line":237,"column":22},"end":{"line":279,"column":3}},"line":237},"9":{"name":"(anonymous_9)","decl":{"start":{"line":301,"column":2},"end":{"line":301,"column":3}},"loc":{"start":{"line":301,"column":22},"end":{"line":351,"column":3}},"line":301},"10":{"name":"(anonymous_10)","decl":{"start":{"line":362,"column":2},"end":{"line":362,"column":3}},"loc":{"start":{"line":362,"column":22},"end":{"line":382,"column":3}},"line":362},"11":{"name":"(anonymous_11)","decl":{"start":{"line":389,"column":2},"end":{"line":389,"column":3}},"loc":{"start":{"line":389,"column":22},"end":{"line":413,"column":3}},"line":389},"12":{"name":"(anonymous_12)","decl":{"start":{"line":438,"column":2},"end":{"line":438,"column":3}},"loc":{"start":{"line":438,"column":22},"end":{"line":485,"column":3}},"line":438},"13":{"name":"(anonymous_13)","decl":{"start":{"line":507,"column":2},"end":{"line":507,"column":3}},"loc":{"start":{"line":507,"column":22},"end":{"line":559,"column":3}},"line":507},"14":{"name":"(anonymous_14)","decl":{"start":{"line":569,"column":2},"end":{"line":569,"column":3}},"loc":{"start":{"line":569,"column":22},"end":{"line":579,"column":3}},"line":569},"15":{"name":"(anonymous_15)","decl":{"start":{"line":588,"column":2},"end":{"line":588,"column":3}},"loc":{"start":{"line":588,"column":22},"end":{"line":608,"column":3}},"line":588},"16":{"name":"(anonymous_16)","decl":{"start":{"line":613,"column":20},"end":{"line":613,"column":21}},"loc":{"start":{"line":613,"column":40},"end":{"line":623,"column":1}},"line":613},"17":{"name":"(anonymous_17)","decl":{"start":{"line":626,"column":24},"end":{"line":626,"column":25}},"loc":{"start":{"line":626,"column":44},"end":{"line":642,"column":1}},"line":626},"18":{"name":"(anonymous_18)","decl":{"start":{"line":653,"column":2},"end":{"line":653,"column":3}},"loc":{"start":{"line":653,"column":22},"end":{"line":686,"column":3}},"line":653},"19":{"name":"(anonymous_19)","decl":{"start":{"line":697,"column":0},"end":{"line":697,"column":1}},"loc":{"start":{"line":697,"column":20},"end":{"line":735,"column":1}},"line":697},"20":{"name":"(anonymous_20)","decl":{"start":{"line":745,"column":2},"end":{"line":745,"column":3}},"loc":{"start":{"line":745,"column":22},"end":{"line":763,"column":3}},"line":745},"21":{"name":"(anonymous_21)","decl":{"start":{"line":767,"column":31},"end":{"line":767,"column":32}},"loc":{"start":{"line":767,"column":51},"end":{"line":788,"column":1}},"line":767},"22":{"name":"(anonymous_22)","decl":{"start":{"line":791,"column":33},"end":{"line":791,"column":34}},"loc":{"start":{"line":791,"column":53},"end":{"line":812,"column":1}},"line":791},"23":{"name":"(anonymous_23)","decl":{"start":{"line":825,"column":2},"end":{"line":825,"column":3}},"loc":{"start":{"line":825,"column":22},"end":{"line":856,"column":3}},"line":825},"24":{"name":"(anonymous_24)","decl":{"start":{"line":865,"column":2},"end":{"line":865,"column":3}},"loc":{"start":{"line":865,"column":22},"end":{"line":888,"column":3}},"line":865},"25":{"name":"(anonymous_25)","decl":{"start":{"line":897,"column":2},"end":{"line":897,"column":3}},"loc":{"start":{"line":897,"column":22},"end":{"line":915,"column":3}},"line":897},"26":{"name":"(anonymous_26)","decl":{"start":{"line":922,"column":19},"end":{"line":922,"column":20}},"loc":{"start":{"line":922,"column":25},"end":{"line":924,"column":3}},"line":922}},"branchMap":{"0":{"loc":{"start":{"line":81,"column":2},"end":{"line":86,"column":3}},"type":"if","locations":[{"start":{"line":81,"column":2},"end":{"line":86,"column":3}},{"start":{},"end":{}}],"line":81},"1":{"loc":{"start":{"line":146,"column":4},"end":{"line":150,"column":5}},"type":"if","locations":[{"start":{"line":146,"column":4},"end":{"line":150,"column":5}},{"start":{},"end":{}}],"line":146},"2":{"loc":{"start":{"line":154,"column":4},"end":{"line":158,"column":5}},"type":"if","locations":[{"start":{"line":154,"column":4},"end":{"line":158,"column":5}},{"start":{},"end":{}}],"line":154},"3":{"loc":{"start":{"line":175,"column":4},"end":{"line":179,"column":5}},"type":"if","locations":[{"start":{"line":175,"column":4},"end":{"line":179,"column":5}},{"start":{},"end":{}}],"line":175},"4":{"loc":{"start":{"line":175,"column":8},"end":{"line":175,"column":58}},"type":"binary-expr","locations":[{"start":{"line":175,"column":8},"end":{"line":175,"column":17}},{"start":{"line":175,"column":21},"end":{"line":175,"column":58}}],"line":175},"5":{"loc":{"start":{"line":249,"column":6},"end":{"line":253,"column":7}},"type":"if","locations":[{"start":{"line":249,"column":6},"end":{"line":253,"column":7}},{"start":{},"end":{}}],"line":249},"6":{"loc":{"start":{"line":307,"column":6},"end":{"line":311,"column":7}},"type":"if","locations":[{"start":{"line":307,"column":6},"end":{"line":311,"column":7}},{"start":{},"end":{}}],"line":307},"7":{"loc":{"start":{"line":315,"column":6},"end":{"line":319,"column":7}},"type":"if","locations":[{"start":{"line":315,"column":6},"end":{"line":319,"column":7}},{"start":{},"end":{}}],"line":315},"8":{"loc":{"start":{"line":369,"column":6},"end":{"line":373,"column":7}},"type":"if","locations":[{"start":{"line":369,"column":6},"end":{"line":373,"column":7}},{"start":{},"end":{}}],"line":369},"9":{"loc":{"start":{"line":450,"column":6},"end":{"line":454,"column":7}},"type":"if","locations":[{"start":{"line":450,"column":6},"end":{"line":454,"column":7}},{"start":{},"end":{}}],"line":450},"10":{"loc":{"start":{"line":513,"column":6},"end":{"line":517,"column":7}},"type":"if","locations":[{"start":{"line":513,"column":6},"end":{"line":517,"column":7}},{"start":{},"end":{}}],"line":513},"11":{"loc":{"start":{"line":521,"column":6},"end":{"line":525,"column":7}},"type":"if","locations":[{"start":{"line":521,"column":6},"end":{"line":525,"column":7}},{"start":{},"end":{}}],"line":521},"12":{"loc":{"start":{"line":594,"column":6},"end":{"line":598,"column":7}},"type":"if","locations":[{"start":{"line":594,"column":6},"end":{"line":598,"column":7}},{"start":{},"end":{}}],"line":594},"13":{"loc":{"start":{"line":630,"column":4},"end":{"line":634,"column":5}},"type":"if","locations":[{"start":{"line":630,"column":4},"end":{"line":634,"column":5}},{"start":{},"end":{}}],"line":630},"14":{"loc":{"start":{"line":663,"column":15},"end":{"line":665,"column":14}},"type":"cond-expr","locations":[{"start":{"line":664,"column":12},"end":{"line":664,"column":25}},{"start":{"line":665,"column":12},"end":{"line":665,"column":14}}],"line":663},"15":{"loc":{"start":{"line":714,"column":4},"end":{"line":717,"column":5}},"type":"if","locations":[{"start":{"line":714,"column":4},"end":{"line":717,"column":5}},{"start":{},"end":{}}],"line":714},"16":{"loc":{"start":{"line":749,"column":6},"end":{"line":753,"column":7}},"type":"if","locations":[{"start":{"line":749,"column":6},"end":{"line":753,"column":7}},{"start":{},"end":{}}],"line":749},"17":{"loc":{"start":{"line":836,"column":6},"end":{"line":840,"column":7}},"type":"if","locations":[{"start":{"line":836,"column":6},"end":{"line":840,"column":7}},{"start":{},"end":{}}],"line":836},"18":{"loc":{"start":{"line":867,"column":6},"end":{"line":874,"column":7}},"type":"if","locations":[{"start":{"line":867,"column":6},"end":{"line":874,"column":7}},{"start":{},"end":{}}],"line":867},"19":{"loc":{"start":{"line":868,"column":8},"end":{"line":869,"column":41}},"type":"binary-expr","locations":[{"start":{"line":868,"column":8},"end":{"line":868,"column":32}},{"start":{"line":869,"column":8},"end":{"line":869,"column":41}}],"line":868},"20":{"loc":{"start":{"line":901,"column":6},"end":{"line":905,"column":7}},"type":"if","locations":[{"start":{"line":901,"column":6},"end":{"line":905,"column":7}},{"start":{},"end":{}}],"line":901},"21":{"loc":{"start":{"line":919,"column":13},"end":{"line":919,"column":37}},"type":"binary-expr","locations":[{"start":{"line":919,"column":13},"end":{"line":919,"column":29}},{"start":{"line":919,"column":33},"end":{"line":919,"column":37}}],"line":919},"22":{"loc":{"start":{"line":921,"column":0},"end":{"line":925,"column":1}},"type":"if","locations":[{"start":{"line":921,"column":0},"end":{"line":925,"column":1}},{"start":{},"end":{}}],"line":921}},"s":{"0":1,"1":1,"2":1,"3":1,"4":1,"5":1,"6":1,"7":1,"8":1,"9":1,"10":1,"11":1,"12":1,"13":1,"14":1,"15":1,"16":1,"17":1,"18":1,"19":1,"20":1,"21":1,"22":1,"23":1,"24":1,"25":44,"26":44,"27":1,"28":1,"29":1,"30":15,"31":15,"32":2,"33":13,"34":1,"35":1,"36":1,"37":18,"38":18,"39":18,"40":5,"41":13,"42":13,"43":0,"44":13,"45":13,"46":13,"47":0,"48":1,"49":6,"50":9,"51":1,"52":8,"53":1,"54":1,"55":1,"56":1,"57":0,"58":1,"59":0,"60":1,"61":1,"62":1,"63":1,"64":1,"65":1,"66":0,"67":0,"68":0,"69":0,"70":0,"71":1,"72":4,"73":4,"74":4,"75":4,"76":0,"77":4,"78":4,"79":2,"80":2,"81":2,"82":0,"83":1,"84":0,"85":0,"86":0,"87":0,"88":0,"89":0,"90":1,"91":0,"92":0,"93":0,"94":0,"95":1,"96":4,"97":4,"98":4,"99":4,"100":1,"101":3,"102":3,"103":3,"104":3,"105":3,"106":3,"107":0,"108":1,"109":1,"110":1,"111":1,"112":1,"113":0,"114":1,"115":1,"116":0,"117":1,"118":1,"119":0,"120":1,"121":1,"122":1,"123":1,"124":0,"125":1,"126":0,"127":0,"128":0,"129":0,"130":0,"131":0,"132":1,"133":8,"134":8,"135":8,"136":0,"137":1,"138":2,"139":2,"140":1,"141":0,"142":1,"143":1,"144":1,"145":1,"146":1,"147":1,"148":1,"149":0,"150":1,"151":1,"152":1,"153":1,"154":0,"155":1,"156":1,"157":0,"158":1,"159":2,"160":2,"161":2,"162":1,"163":1,"164":0,"165":1,"166":1,"167":1,"168":1,"169":0,"170":1,"171":1,"172":1,"173":1,"174":0,"175":1,"176":3,"177":3,"178":3,"179":3,"180":3,"181":1,"182":2,"183":2,"184":2,"185":0,"186":1,"187":2,"188":2,"189":1,"190":1,"191":1,"192":0,"193":1,"194":2,"195":2,"196":2,"197":1,"198":1,"199":0,"200":1,"201":1,"202":0,"203":0,"204":1},"f":{"0":44,"1":15,"2":18,"3":6,"4":9,"5":1,"6":0,"7":0,"8":1,"9":4,"10":0,"11":0,"12":4,"13":1,"14":1,"15":0,"16":8,"17":2,"18":1,"19":1,"20":2,"21":1,"22":1,"23":3,"24":2,"25":2,"26":0},"b":{"0":[2,13],"1":[5,13],"2":[0,13],"3":[1,8],"4":[9,9],"5":[1,0],"6":[0,4],"7":[2,2],"8":[0,0],"9":[1,3],"10":[0,1],"11":[0,1],"12":[0,0],"13":[0,1],"14":[0,1],"15":[0,1],"16":[1,1],"17":[1,2],"18":[1,1],"19":[2,2],"20":[1,1],"21":[1,0],"22":[0,1]},"_coverageSchema":"1a1c01bbd47fc00a2c39e90264f33305004495a9","hash":"536bbb3101394127dc64181d367d99cae8efae44"}
,"C:\\Users\\asus\\recipehub\\backend\\config\\cloudinary.js": {"path":"C:\\Users\\asus\\recipehub\\backend\\config\\cloudinary.js","statementMap":{"0":{"start":{"line":1,"column":19},"end":{"line":1,"column":43}},"1":{"start":{"line":3,"column":0},"end":{"line":7,"column":3}},"2":{"start":{"line":9,"column":0},"end":{"line":9,"column":28}}},"fnMap":{},"branchMap":{},"s":{"0":1,"1":1,"2":1},"f":{},"b":{},"_coverageSchema":"1a1c01bbd47fc00a2c39e90264f33305004495a9","hash":"38bb67736f43746ea85c23a48792f0af06d89160"}
,"C:\\Users\\asus\\recipehub\\backend\\models\\Admin.js": {"path":"C:\\Users\\asus\\recipehub\\backend\\models\\Admin.js","statementMap":{"0":{"start":{"line":1,"column":17},"end":{"line":1,"column":36}},"1":{"start":{"line":3,"column":20},"end":{"line":22,"column":1}},"2":{"start":{"line":24,"column":0},"end":{"line":24,"column":54}}},"fnMap":{},"branchMap":{},"s":{"0":1,"1":1,"2":1},"f":{},"b":{},"_coverageSchema":"1a1c01bbd47fc00a2c39e90264f33305004495a9","hash":"f0dd722f27bc28dd33d90d01737ee63827d8dc80"}
,"C:\\Users\\asus\\recipehub\\backend\\models\\Favorite.js": {"path":"C:\\Users\\asus\\recipehub\\backend\\models\\Favorite.js","statementMap":{"0":{"start":{"line":1,"column":17},"end":{"line":1,"column":36}},"1":{"start":{"line":3,"column":23},"end":{"line":29,"column":1}},"2":{"start":{"line":31,"column":0},"end":{"line":31,"column":60}}},"fnMap":{},"branchMap":{},"s":{"0":1,"1":1,"2":1},"f":{},"b":{},"_coverageSchema":"1a1c01bbd47fc00a2c39e90264f33305004495a9","hash":"487ba11feddd3908854a4c71f4e9d74b438294e8"}
,"C:\\Users\\asus\\recipehub\\backend\\models\\Recipe.js": {"path":"C:\\Users\\asus\\recipehub\\backend\\models\\Recipe.js","statementMap":{"0":{"start":{"line":1,"column":17},"end":{"line":1,"column":36}},"1":{"start":{"line":3,"column":21},"end":{"line":69,"column":1}},"2":{"start":{"line":71,"column":0},"end":{"line":71,"column":56}}},"fnMap":{},"branchMap":{},"s":{"0":1,"1":1,"2":1},"f":{},"b":{},"_coverageSchema":"1a1c01bbd47fc00a2c39e90264f33305004495a9","hash":"e0ea2e8e8eb5eb892fda1af2042591f0869a5d08"}
,"C:\\Users\\asus\\recipehub\\backend\\models\\User.js": {"path":"C:\\Users\\asus\\recipehub\\backend\\models\\User.js","statementMap":{"0":{"start":{"line":1,"column":17},"end":{"line":1,"column":36}},"1":{"start":{"line":3,"column":19},"end":{"line":40,"column":1}},"2":{"start":{"line":42,"column":0},"end":{"line":42,"column":52}}},"fnMap":{},"branchMap":{},"s":{"0":1,"1":1,"2":1},"f":{},"b":{},"_coverageSchema":"1a1c01bbd47fc00a2c39e90264f33305004495a9","hash":"0bd1fe21cd34eaa09b72c1ff26228b790f3c7f49"}
}
