TN:
SF:server.js
FN:65,(anonymous_0)
FN:78,(anonymous_1)
FN:142,(anonymous_2)
FN:173,(anonymous_3)
FN:174,(anonymous_4)
FN:201,(anonymous_5)
FN:208,(anonymous_6)
FN:211,(anonymous_7)
FN:237,(anonymous_8)
FN:301,(anonymous_9)
FN:362,(anonymous_10)
FN:389,(anonymous_11)
FN:438,(anonymous_12)
FN:507,(anonymous_13)
FN:569,(anonymous_14)
FN:588,(anonymous_15)
FN:613,(anonymous_16)
FN:626,(anonymous_17)
FN:653,(anonymous_18)
FN:697,(anonymous_19)
FN:745,(anonymous_20)
FN:767,(anonymous_21)
FN:791,(anonymous_22)
FN:825,(anonymous_23)
FN:865,(anonymous_24)
FN:897,(anonymous_25)
FN:922,(anonymous_26)
FNF:27
FNH:21
FNDA:44,(anonymous_0)
FNDA:15,(anonymous_1)
FNDA:18,(anonymous_2)
FNDA:6,(anonymous_3)
FNDA:9,(anonymous_4)
FNDA:1,(anonymous_5)
FNDA:0,(anonymous_6)
FNDA:0,(anonymous_7)
FNDA:1,(anonymous_8)
FNDA:4,(anonymous_9)
FNDA:0,(anonymous_10)
FNDA:0,(anonymous_11)
FNDA:4,(anonymous_12)
FNDA:1,(anonymous_13)
FNDA:1,(anonymous_14)
FNDA:0,(anonymous_15)
FNDA:8,(anonymous_16)
FNDA:2,(anonymous_17)
FNDA:1,(anonymous_18)
FNDA:1,(anonymous_19)
FNDA:2,(anonymous_20)
FNDA:1,(anonymous_21)
FNDA:1,(anonymous_22)
FNDA:3,(anonymous_23)
FNDA:2,(anonymous_24)
FNDA:2,(anonymous_25)
FNDA:0,(anonymous_26)
DA:1,1
DA:4,1
DA:5,1
DA:6,1
DA:9,1
DA:10,1
DA:11,1
DA:14,1
DA:15,1
DA:16,1
DA:17,1
DA:20,1
DA:21,1
DA:22,1
DA:23,1
DA:24,1
DA:26,1
DA:30,1
DA:32,1
DA:45,1
DA:50,1
DA:53,1
DA:56,1
DA:57,1
DA:65,1
DA:66,44
DA:67,44
DA:69,1
DA:71,1
DA:78,1
DA:79,15
DA:81,15
DA:82,2
DA:88,13
DA:92,1
DA:128,1
DA:142,1
DA:143,18
DA:144,18
DA:146,18
DA:147,5
DA:152,13
DA:154,13
DA:155,0
DA:160,13
DA:162,13
DA:164,13
DA:166,0
DA:173,1
DA:174,6
DA:175,9
DA:176,1
DA:181,8
DA:187,1
DA:199,1
DA:202,1
DA:203,1
DA:208,0
DA:211,1
DA:212,0
DA:217,1
DA:238,1
DA:245,1
DA:247,1
DA:249,1
DA:250,1
DA:255,0
DA:257,0
DA:263,0
DA:265,0
DA:275,0
DA:283,1
DA:302,4
DA:303,4
DA:305,4
DA:307,4
DA:308,0
DA:313,4
DA:315,4
DA:316,2
DA:321,2
DA:335,2
DA:347,0
DA:358,1
DA:363,0
DA:365,0
DA:369,0
DA:370,0
DA:375,0
DA:378,0
DA:385,1
DA:390,0
DA:393,0
DA:406,0
DA:409,0
DA:417,1
DA:439,4
DA:446,4
DA:448,4
DA:450,4
DA:451,1
DA:456,3
DA:458,3
DA:466,3
DA:468,3
DA:469,3
DA:471,3
DA:481,0
DA:489,1
DA:508,1
DA:509,1
DA:511,1
DA:513,1
DA:514,0
DA:519,1
DA:521,1
DA:522,0
DA:527,1
DA:541,1
DA:555,0
DA:564,1
DA:570,1
DA:571,1
DA:573,1
DA:575,0
DA:583,1
DA:589,0
DA:590,0
DA:594,0
DA:595,0
DA:600,0
DA:604,0
DA:613,1
DA:614,8
DA:615,8
DA:617,8
DA:619,0
DA:626,1
DA:627,2
DA:628,2
DA:630,1
DA:631,0
DA:636,1
DA:638,1
DA:645,1
DA:654,1
DA:656,1
DA:677,1
DA:679,1
DA:682,0
DA:690,1
DA:698,1
DA:700,1
DA:714,1
DA:715,0
DA:720,1
DA:728,1
DA:731,0
DA:739,1
DA:746,2
DA:747,2
DA:749,2
DA:750,1
DA:755,1
DA:759,0
DA:767,1
DA:768,1
DA:769,1
DA:782,1
DA:784,0
DA:791,1
DA:792,1
DA:793,1
DA:806,1
DA:808,0
DA:816,1
DA:826,3
DA:827,3
DA:829,3
DA:831,3
DA:836,3
DA:837,1
DA:842,2
DA:848,2
DA:850,2
DA:852,0
DA:860,1
DA:866,2
DA:867,2
DA:871,1
DA:876,1
DA:882,1
DA:884,0
DA:892,1
DA:898,2
DA:899,2
DA:901,2
DA:902,1
DA:907,1
DA:911,0
DA:919,1
DA:921,1
DA:922,0
DA:923,0
DA:927,1
LF:205
LH:160
BRDA:81,0,0,2
BRDA:81,0,1,13
BRDA:146,1,0,5
BRDA:146,1,1,13
BRDA:154,2,0,0
BRDA:154,2,1,13
BRDA:175,3,0,1
BRDA:175,3,1,8
BRDA:175,4,0,9
BRDA:175,4,1,9
BRDA:249,5,0,1
BRDA:249,5,1,0
BRDA:307,6,0,0
BRDA:307,6,1,4
BRDA:315,7,0,2
BRDA:315,7,1,2
BRDA:369,8,0,0
BRDA:369,8,1,0
BRDA:450,9,0,1
BRDA:450,9,1,3
BRDA:513,10,0,0
BRDA:513,10,1,1
BRDA:521,11,0,0
BRDA:521,11,1,1
BRDA:594,12,0,0
BRDA:594,12,1,0
BRDA:630,13,0,0
BRDA:630,13,1,1
BRDA:663,14,0,0
BRDA:663,14,1,1
BRDA:714,15,0,0
BRDA:714,15,1,1
BRDA:749,16,0,1
BRDA:749,16,1,1
BRDA:836,17,0,1
BRDA:836,17,1,2
BRDA:867,18,0,1
BRDA:867,18,1,1
BRDA:868,19,0,2
BRDA:868,19,1,2
BRDA:901,20,0,1
BRDA:901,20,1,1
BRDA:919,21,0,1
BRDA:919,21,1,0
BRDA:921,22,0,0
BRDA:921,22,1,1
BRF:46
BRH:32
end_of_record
TN:
SF:config\cloudinary.js
FNF:0
FNH:0
DA:1,1
DA:3,1
DA:9,1
LF:3
LH:3
BRF:0
BRH:0
end_of_record
TN:
SF:models\Admin.js
FNF:0
FNH:0
DA:1,1
DA:3,1
DA:24,1
LF:3
LH:3
BRF:0
BRH:0
end_of_record
TN:
SF:models\Favorite.js
FNF:0
FNH:0
DA:1,1
DA:3,1
DA:31,1
LF:3
LH:3
BRF:0
BRH:0
end_of_record
TN:
SF:models\Recipe.js
FNF:0
FNH:0
DA:1,1
DA:3,1
DA:71,1
LF:3
LH:3
BRF:0
BRH:0
end_of_record
TN:
SF:models\User.js
FNF:0
FNH:0
DA:1,1
DA:3,1
DA:42,1
LF:3
LH:3
BRF:0
BRH:0
end_of_record
