TN:
SF:server.js
FN:26,(anonymous_0)
FN:30,(anonymous_1)
FN:56,(anonymous_2)
FN:69,(anonymous_3)
FN:133,(anonymous_4)
FN:164,(anonymous_5)
FN:165,(anonymous_6)
FN:192,(anonymous_7)
FN:193,(anonymous_8)
FN:196,(anonymous_9)
FN:222,(anonymous_10)
FN:280,(anonymous_11)
FN:356,(anonymous_12)
FN:414,(anonymous_13)
FN:474,(anonymous_14)
FN:489,(anonymous_15)
FN:502,(anonymous_16)
FN:529,(anonymous_17)
FN:572,(anonymous_18)
FN:619,(anonymous_19)
FN:641,(anonymous_20)
FN:665,(anonymous_21)
FN:699,(anonymous_22)
FN:739,(anonymous_23)
FN:771,(anonymous_24)
FN:796,(anonymous_25)
FNF:26
FNH:21
FNDA:0,(anonymous_0)
FNDA:0,(anonymous_1)
FNDA:44,(anonymous_2)
FNDA:15,(anonymous_3)
FNDA:18,(anonymous_4)
FNDA:5,(anonymous_5)
FNDA:9,(anonymous_6)
FNDA:1,(anonymous_7)
FNDA:0,(anonymous_8)
FNDA:0,(anonymous_9)
FNDA:1,(anonymous_10)
FNDA:4,(anonymous_11)
FNDA:4,(anonymous_12)
FNDA:1,(anonymous_13)
FNDA:1,(anonymous_14)
FNDA:8,(anonymous_15)
FNDA:2,(anonymous_16)
FNDA:1,(anonymous_17)
FNDA:1,(anonymous_18)
FNDA:2,(anonymous_19)
FNDA:1,(anonymous_20)
FNDA:1,(anonymous_21)
FNDA:3,(anonymous_22)
FNDA:2,(anonymous_23)
FNDA:2,(anonymous_24)
FNDA:0,(anonymous_25)
DA:2,1
DA:3,1
DA:4,1
DA:7,1
DA:8,1
DA:9,1
DA:12,1
DA:13,1
DA:14,1
DA:15,1
DA:18,1
DA:19,1
DA:20,1
DA:21,1
DA:23,1
DA:25,1
DA:27,0
DA:31,0
DA:39,1
DA:44,1
DA:47,1
DA:48,1
DA:56,1
DA:57,44
DA:58,44
DA:60,1
DA:62,1
DA:69,1
DA:70,15
DA:72,15
DA:73,2
DA:79,13
DA:83,1
DA:119,1
DA:133,1
DA:134,18
DA:135,18
DA:137,18
DA:138,5
DA:143,13
DA:145,13
DA:146,0
DA:151,13
DA:153,13
DA:155,13
DA:157,0
DA:164,1
DA:165,5
DA:166,9
DA:167,1
DA:172,8
DA:178,1
DA:190,1
DA:192,1
DA:193,0
DA:196,1
DA:197,0
DA:202,1
DA:223,1
DA:224,1
DA:226,1
DA:228,1
DA:229,1
DA:234,0
DA:236,0
DA:242,0
DA:244,0
DA:254,0
DA:262,1
DA:281,4
DA:282,4
DA:284,4
DA:286,4
DA:287,0
DA:292,4
DA:294,4
DA:295,2
DA:300,2
DA:314,2
DA:326,0
DA:335,1
DA:357,4
DA:358,4
DA:360,4
DA:362,4
DA:363,1
DA:368,3
DA:370,3
DA:376,3
DA:378,3
DA:388,0
DA:396,1
DA:415,1
DA:416,1
DA:418,1
DA:420,1
DA:421,0
DA:426,1
DA:428,1
DA:429,0
DA:434,1
DA:448,1
DA:460,0
DA:469,1
DA:475,1
DA:476,1
DA:478,1
DA:480,0
DA:489,1
DA:490,8
DA:491,8
DA:493,8
DA:495,0
DA:502,1
DA:503,2
DA:504,2
DA:506,1
DA:507,0
DA:512,1
DA:514,1
DA:521,1
DA:530,1
DA:532,1
DA:552,1
DA:554,1
DA:557,0
DA:565,1
DA:573,1
DA:575,1
DA:588,1
DA:589,0
DA:594,1
DA:602,1
DA:605,0
DA:613,1
DA:620,2
DA:621,2
DA:623,2
DA:624,1
DA:629,1
DA:633,0
DA:641,1
DA:642,1
DA:643,1
DA:656,1
DA:658,0
DA:665,1
DA:666,1
DA:667,1
DA:680,1
DA:682,0
DA:690,1
DA:700,3
DA:701,3
DA:703,3
DA:705,3
DA:710,3
DA:711,1
DA:716,2
DA:722,2
DA:724,2
DA:726,0
DA:734,1
DA:740,2
DA:741,2
DA:745,1
DA:750,1
DA:756,1
DA:758,0
DA:766,1
DA:772,2
DA:773,2
DA:775,2
DA:776,1
DA:781,1
DA:785,0
DA:793,1
DA:795,1
DA:796,0
DA:797,0
DA:801,1
LF:181
LH:150
BRDA:72,0,0,2
BRDA:72,0,1,13
BRDA:137,1,0,5
BRDA:137,1,1,13
BRDA:145,2,0,0
BRDA:145,2,1,13
BRDA:166,3,0,1
BRDA:166,3,1,8
BRDA:166,4,0,9
BRDA:166,4,1,9
BRDA:228,5,0,1
BRDA:228,5,1,0
BRDA:286,6,0,0
BRDA:286,6,1,4
BRDA:294,7,0,2
BRDA:294,7,1,2
BRDA:362,8,0,1
BRDA:362,8,1,3
BRDA:420,9,0,0
BRDA:420,9,1,1
BRDA:428,10,0,0
BRDA:428,10,1,1
BRDA:506,11,0,0
BRDA:506,11,1,1
BRDA:538,12,0,0
BRDA:538,12,1,1
BRDA:588,13,0,0
BRDA:588,13,1,1
BRDA:623,14,0,1
BRDA:623,14,1,1
BRDA:710,15,0,1
BRDA:710,15,1,2
BRDA:741,16,0,1
BRDA:741,16,1,1
BRDA:742,17,0,2
BRDA:742,17,1,2
BRDA:775,18,0,1
BRDA:775,18,1,1
BRDA:793,19,0,1
BRDA:793,19,1,1
BRDA:795,20,0,0
BRDA:795,20,1,1
BRF:42
BRH:33
end_of_record
TN:
SF:models\Admin.js
FNF:0
FNH:0
DA:1,1
DA:3,1
DA:24,1
LF:3
LH:3
BRF:0
BRH:0
end_of_record
TN:
SF:models\Favorite.js
FNF:0
FNH:0
DA:1,1
DA:3,1
DA:31,1
LF:3
LH:3
BRF:0
BRH:0
end_of_record
TN:
SF:models\Recipe.js
FNF:0
FNH:0
DA:1,1
DA:3,1
DA:55,1
LF:3
LH:3
BRF:0
BRH:0
end_of_record
TN:
SF:models\User.js
FNF:0
FNH:0
DA:1,1
DA:3,1
DA:24,1
LF:3
LH:3
BRF:0
BRH:0
end_of_record
